#
# There is insufficient memory for the Java Runtime Environment to continue.
# Native memory allocation (mmap) failed to map 100663296 bytes for Failed to commit area from 0x00000000a1800000 to 0x00000000a7800000 of length 100663296.
# Possible reasons:
#   The system is out of physical RAM or swap space
#   The process is running with CompressedOops enabled, and the Java Heap may be blocking the growth of the native heap
# Possible solutions:
#   Reduce memory load on the system
#   Increase physical memory or swap space
#   Check if swap backing store is full
#   Decrease Java heap size (-Xmx/-Xms)
#   Decrease number of Java threads
#   Decrease Java thread stack sizes (-Xss)
#   Set larger code cache with -XX:ReservedCodeCacheSize=
#   JVM is running with Unscaled Compressed Oops mode in which the Java heap is
#     placed in the first 4GB address space. The Java Heap base address is the
#     maximum limit for the native heap growth. Please use -XX:HeapBaseMinAddress
#     to set the Java Heap base and to place the Java Heap above 4GB virtual address.
# This output file may be truncated or incomplete.
#
#  Out of Memory Error (./open/src/hotspot/os/windows/os_windows.cpp:3315), pid=16860, tid=11616
#
# JRE version:  (14.0.2+12) (build )
# Java VM: Java HotSpot(TM) 64-Bit Server VM (14.0.2+12-46, mixed mode, sharing, tiered, compressed oops, g1 gc, windows-amd64)
# No core dump will be written. Minidumps are not enabled by default on client versions of Windows
#

---------------  S U M M A R Y ------------

Command Line: -Dfile.encoding=Cp1252 -XX:+ShowCodeDetailsInExceptionMessages m06.uf2.MainConsulta

Host: Intel(R) Core(TM) i5-3230M CPU @ 2.60GHz, 4 cores, 5G,  Windows 10 , 64 bit Build 19041 (10.0.19041.662)
Time: Sun Dec 27 17:28:39 2020 Mitteleuropäische Zeit elapsed time: 0 seconds (0d 0h 0m 0s)

---------------  T H R E A D  ---------------

Current thread (0x0000018207ab6000):  JavaThread "Unknown thread" [_thread_in_vm, id=11616, stack(0x0000006b15600000,0x0000006b15700000)]

Stack: [0x0000006b15600000,0x0000006b15700000]
Native frames: (J=compiled Java code, j=interpreted, Vv=VM code, C=native code)
V  [jvm.dll+0x5f8a9a]
V  [jvm.dll+0x74247a]
V  [jvm.dll+0x743c2f]
V  [jvm.dll+0x744273]
V  [jvm.dll+0x20d288]
V  [jvm.dll+0x5f5dea]
V  [jvm.dll+0x5eac45]
V  [jvm.dll+0x2c7e9c]
V  [jvm.dll+0x2c7cd2]
V  [jvm.dll+0x2cdbbc]
V  [jvm.dll+0x313fe8]
V  [jvm.dll+0x313710]
V  [jvm.dll+0x2a092a]
V  [jvm.dll+0x2a1a79]
V  [jvm.dll+0x71fd48]
V  [jvm.dll+0x321c14]
V  [jvm.dll+0x70112c]
V  [jvm.dll+0x392def]
V  [jvm.dll+0x394e61]
C  [jli.dll+0x524b]
C  [ucrtbase.dll+0x214c2]
C  [KERNEL32.DLL+0x17034]
C  [ntdll.dll+0x4d0d1]


---------------  P R O C E S S  ---------------

Threads class SMR info:
_java_thread_list=0x00007ffe82a73038, length=0, elements={
}

Java Threads: ( => current thread )

Other Threads:
  0x0000018207af0800 GCTaskThread "GC Thread#0" [stack: 0x0000006b15700000,0x0000006b15800000] [id=18316]
  0x0000018207aff800 ConcurrentGCThread "G1 Main Marker" [stack: 0x0000006b15800000,0x0000006b15900000] [id=19432]
  0x0000018207b01000 ConcurrentGCThread "G1 Conc#0" [stack: 0x0000006b15900000,0x0000006b15a00000] [id=17464]

[error occurred during error reporting (printing all threads), id 0xc0000005, EXCEPTION_ACCESS_VIOLATION (0xc0000005) at pc=0x00007ffe822a1257]

VM state:not at safepoint (not fully initialized)

VM Mutex/Monitor currently owned by a thread:  ([mutex/lock_event])
[0x0000018207ab2040] Heap_lock - owner thread: 0x0000018207ab6000

Heap address: 0x00000000a1800000, size: 1512 MB, Compressed Oops mode: 32-bit
Narrow klass base: 0x0000000000000000, Narrow klass shift: 0

GC Heap History (0 events):
No events

Deoptimization events (0 events):
No events

Classes unloaded (0 events):
No events

Classes redefined (0 events):
No events

Internal exceptions (0 events):
No events

Events (2 events):
Event: 0.013 Loaded shared library C:\Program Files\Java\jdk-14.0.2\bin\java.dll
Event: 0.013 Loaded shared library C:\Program Files\Java\jdk-14.0.2\bin\zip.dll


Dynamic libraries:
0x00007ff777c80000 - 0x00007ff777c8f000 	C:\Program Files\Java\jdk-14.0.2\bin\javaw.exe
0x00007ffecc3d0000 - 0x00007ffecc5c6000 	C:\Windows\SYSTEM32\ntdll.dll
0x00007ffecbb80000 - 0x00007ffecbc3d000 	C:\Windows\System32\KERNEL32.DLL
0x00007ffeca030000 - 0x00007ffeca2f9000 	C:\Windows\System32\KERNELBASE.dll
0x00007ffec9d20000 - 0x00007ffec9e20000 	C:\Windows\System32\ucrtbase.dll
0x00007ffec4440000 - 0x00007ffec4458000 	C:\Program Files\Java\jdk-14.0.2\bin\jli.dll
0x00007ffeca430000 - 0x00007ffeca4dc000 	C:\Windows\System32\ADVAPI32.dll
0x00007ffecba40000 - 0x00007ffecbade000 	C:\Windows\System32\msvcrt.dll
0x00007ffecbae0000 - 0x00007ffecbb7c000 	C:\Windows\System32\sechost.dll
0x00007ffecbdf0000 - 0x00007ffecbf1b000 	C:\Windows\System32\RPCRT4.dll
0x00007ffec4420000 - 0x00007ffec4435000 	C:\Program Files\Java\jdk-14.0.2\bin\VCRUNTIME140.dll
0x00007ffeca950000 - 0x00007ffecaaf0000 	C:\Windows\System32\USER32.dll
0x00007ffeca400000 - 0x00007ffeca422000 	C:\Windows\System32\win32u.dll
0x00007ffecae80000 - 0x00007ffecaeaa000 	C:\Windows\System32\GDI32.dll
0x00007ffec9e20000 - 0x00007ffec9f29000 	C:\Windows\System32\gdi32full.dll
0x00007ffec9f90000 - 0x00007ffeca02d000 	C:\Windows\System32\msvcp_win.dll
0x00007ffebbb90000 - 0x00007ffebbe2b000 	C:\Windows\WinSxS\amd64_microsoft.windows.common-controls_6595b64144ccf1df_6.0.19041.488_none_ca04af081b815d21\COMCTL32.dll
0x00007ffec1150000 - 0x00007ffec115a000 	C:\Windows\SYSTEM32\VERSION.dll
0x00007ffecaeb0000 - 0x00007ffecaee0000 	C:\Windows\System32\IMM32.DLL
0x00007ffec4380000 - 0x00007ffec441b000 	C:\Program Files\Java\jdk-14.0.2\bin\msvcp140.dll
0x00007ffe81ff0000 - 0x00007ffe82b0e000 	C:\Program Files\Java\jdk-14.0.2\bin\server\jvm.dll
0x00007ffecadc0000 - 0x00007ffecadc8000 	C:\Windows\System32\PSAPI.DLL
0x00007ffeaae90000 - 0x00007ffeaae99000 	C:\Windows\SYSTEM32\WSOCK32.dll
0x00007ffebcf70000 - 0x00007ffebcf97000 	C:\Windows\SYSTEM32\WINMM.dll
0x00007ffecb850000 - 0x00007ffecb8bb000 	C:\Windows\System32\WS2_32.dll
0x00007ffec83b0000 - 0x00007ffec83c2000 	C:\Windows\SYSTEM32\kernel.appcore.dll
0x00007ffea9cd0000 - 0x00007ffea9cda000 	C:\Program Files\Java\jdk-14.0.2\bin\jimage.dll
0x00007ffec2cf0000 - 0x00007ffec2ed4000 	C:\Windows\SYSTEM32\DBGHELP.DLL
0x00007ffec2ca0000 - 0x00007ffec2ccc000 	C:\Windows\SYSTEM32\dbgcore.DLL
0x00007ffeca350000 - 0x00007ffeca3d0000 	C:\Windows\System32\bcryptPrimitives.dll
0x00007ffe8d5a0000 - 0x00007ffe8d5c5000 	C:\Program Files\Java\jdk-14.0.2\bin\java.dll
0x00007ffe8d580000 - 0x00007ffe8d596000 	C:\Program Files\Java\jdk-14.0.2\bin\zip.dll

dbghelp: loaded successfully - version: 4.0.5 - missing functions: none
symbol engine: initialized successfully - sym options: 0x614 - pdb path: .;C:\Program Files\Java\jdk-14.0.2\bin;C:\Windows\SYSTEM32;C:\Windows\WinSxS\amd64_microsoft.windows.common-controls_6595b64144ccf1df_6.0.19041.488_none_ca04af081b815d21;C:\Program Files\Java\jdk-14.0.2\bin\server

VM Arguments:
jvm_args: -Dfile.encoding=Cp1252 -XX:+ShowCodeDetailsInExceptionMessages 
java_command: m06.uf2.MainConsulta
java_class_path (initial): C:\Users\DELL E6430\git\repository\ProjectosDAM2\VeureInfo\bin;C:\Users\DELL E6430\OneDrive\Desktop\mysql-connector-java-5.1.17-bin.jar;C:\Users\DELL E6430\Downloads\robocode-1.9.3.9-setup.jar
Launcher Type: SUN_STANDARD

[Global flags]
     intx CICompilerCount                          = 3                                         {product} {ergonomic}
     uint ConcGCThreads                            = 1                                         {product} {ergonomic}
     uint G1ConcRefinementThreads                  = 4                                         {product} {ergonomic}
   size_t G1HeapRegionSize                         = 1048576                                   {product} {ergonomic}
    uintx GCDrainStackTargetSize                   = 64                                        {product} {ergonomic}
   size_t InitialHeapSize                          = 100663296                                 {product} {ergonomic}
   size_t MarkStackSize                            = 4194304                                   {product} {ergonomic}
   size_t MaxHeapSize                              = 1585446912                                {product} {ergonomic}
   size_t MinHeapDeltaBytes                        = 1048576                                   {product} {ergonomic}
   size_t MinHeapSize                              = 8388608                                   {product} {ergonomic}
    uintx NonNMethodCodeHeapSize                   = 5832780                                {pd product} {ergonomic}
    uintx NonProfiledCodeHeapSize                  = 122912730                              {pd product} {ergonomic}
    uintx ProfiledCodeHeapSize                     = 122912730                              {pd product} {ergonomic}
    uintx ReservedCodeCacheSize                    = 251658240                              {pd product} {ergonomic}
     bool SegmentedCodeCache                       = true                                      {product} {ergonomic}
     bool ShowCodeDetailsInExceptionMessages       = true                                   {manageable} {command line}
   size_t SoftMaxHeapSize                          = 1585446912                             {manageable} {ergonomic}
     bool UseCompressedClassPointers               = true                                 {lp64_product} {ergonomic}
     bool UseCompressedOops                        = true                                 {lp64_product} {ergonomic}
     bool UseG1GC                                  = true                                      {product} {ergonomic}
     bool UseLargePagesIndividualAllocation        = false                                  {pd product} {ergonomic}

Logging:
Log output configuration:
 #0: stdout all=warning uptime,level,tags
 #1: stderr all=off uptime,level,tags

Environment Variables:
PATH=C:/Program Files/Java/jdk-14.0.2/bin/server;C:/Program Files/Java/jdk-14.0.2/bin;C:\Program Files (x86)\Common Files\Oracle\Java\javapath;C:\Program Files (x86)\Intel\iCLS Client\;C:\Program Files\Intel\iCLS Client\;C:\Windows\system32;C:\Windows;C:\Windows\System32\Wbem;C:\Windows\System32\WindowsPowerShell\v1.0\;C:\Windows\System32\OpenSSH\;C:\Program Files (x86)\Intel\Intel(R) Management Engine Components\DAL;C:\Program Files\Intel\Intel(R) Management Engine Components\DAL;C:\Program Files (x86)\Intel\Intel(R) Management Engine Components\IPT;C:\Program Files\Intel\Intel(R) Management Engine Components\IPT;C:\Users\DELL E6430\AppData\Local\Microsoft\WindowsApps;C:\Users\DELL E6430\AppData\Local\GitHubDesktop\bin;C:\Users\DELL E6430\OneDrive\Desktop;
USERNAME=DELL E6430
OS=Windows_NT
PROCESSOR_IDENTIFIER=Intel64 Family 6 Model 58 Stepping 9, GenuineIntel



---------------  S Y S T E M  ---------------

OS: Windows 10 , 64 bit Build 19041 (10.0.19041.662)
OS uptime: 0 days 6:46 hours
HyperV virtualization detected

CPU:total 4 (initial active 4) (2 cores per cpu, 2 threads per core) family 6 model 58 stepping 9, cmov, cx8, fxsr, mmx, sse, sse2, sse3, ssse3, sse4.1, sse4.2, popcnt, avx, aes, clmul, erms, ht, tsc, tscinvbit, tscinv

Memory: 4k page, system-wide physical 6046M (1242M free)
TotalPageFile size 17216M (AvailPageFile size 59M)
current process WorkingSet (physical memory assigned to process): 10M, peak: 10M
current process commit charge ("private bytes"): 51M, peak: 147M

vm_info: Java HotSpot(TM) 64-Bit Server VM (14.0.2+12-46) for windows-amd64 JRE (14.0.2+12-46), built on Jul  9 2020 00:35:52 by "mach5one" with MS VC++ 15.9 (VS2017)

END.
