#
# There is insufficient memory for the Java Runtime Environment to continue.
# Native memory allocation (malloc) failed to allocate 118256 bytes for Chunk::new
# Possible reasons:
#   The system is out of physical RAM or swap space
#   The process is running with CompressedOops enabled, and the Java Heap may be blocking the growth of the native heap
# Possible solutions:
#   Reduce memory load on the system
#   Increase physical memory or swap space
#   Check if swap backing store is full
#   Decrease Java heap size (-Xmx/-Xms)
#   Decrease number of Java threads
#   Decrease Java thread stack sizes (-Xss)
#   Set larger code cache with -XX:ReservedCodeCacheSize=
#   JVM is running with Unscaled Compressed Oops mode in which the Java heap is
#     placed in the first 4GB address space. The Java Heap base address is the
#     maximum limit for the native heap growth. Please use -XX:HeapBaseMinAddress
#     to set the Java Heap base and to place the Java Heap above 4GB virtual address.
# This output file may be truncated or incomplete.
#
#  Out of Memory Error (./open/src/hotspot/share/memory/arena.cpp:195), pid=12280, tid=11040
#
# JRE version: Java(TM) SE Runtime Environment (14.0.2+12) (build 14.0.2+12-46)
# Java VM: Java HotSpot(TM) 64-Bit Server VM (14.0.2+12-46, mixed mode, sharing, tiered, compressed oops, g1 gc, windows-amd64)
# No core dump will be written. Minidumps are not enabled by default on client versions of Windows
#

---------------  S U M M A R Y ------------

Command Line: -Dfile.encoding=Cp1252 -XX:+ShowCodeDetailsInExceptionMessages m06.uf2.MainConsulta

Host: Intel(R) Core(TM) i5-3230M CPU @ 2.60GHz, 4 cores, 5G,  Windows 10 , 64 bit Build 19041 (10.0.19041.546)
Time: Mon Nov 30 19:23:10 2020 Mitteleuropäische Zeit elapsed time: 0 seconds (0d 0h 0m 0s)

---------------  T H R E A D  ---------------

Current thread (0x0000027b4b308000):  JavaThread "C2 CompilerThread0" daemon [_thread_in_native, id=11040, stack(0x0000008440500000,0x0000008440600000)]


Current CompileTask:
C2:    739  546 %     4       java.util.Properties$LineReader::readLine @ 224 (584 bytes)

Stack: [0x0000008440500000,0x0000008440600000]
Native frames: (J=compiled Java code, j=interpreted, Vv=VM code, C=native code)
V  [jvm.dll+0x5f8a9a]
V  [jvm.dll+0x74247a]
V  [jvm.dll+0x743c2f]
V  [jvm.dll+0x744273]
V  [jvm.dll+0x20d288]
V  [jvm.dll+0xabb07]
V  [jvm.dll+0xac1fc]
V  [jvm.dll+0x276db4]
V  [jvm.dll+0x50cffa]
V  [jvm.dll+0x1ee036]
V  [jvm.dll+0x1e7716]
V  [jvm.dll+0x1e4f98]
V  [jvm.dll+0x1779cc]
V  [jvm.dll+0x1f4105]
V  [jvm.dll+0x1f22eb]
V  [jvm.dll+0x7070cd]
V  [jvm.dll+0x6ffeda]
V  [jvm.dll+0x5f78f6]
C  [ucrtbase.dll+0x214c2]
C  [KERNEL32.DLL+0x17034]
C  [ntdll.dll+0x4cec1]


---------------  P R O C E S S  ---------------

Threads class SMR info:
_java_thread_list=0x0000027b4bd68e10, length=11, elements={
0x0000027b2de56800, 0x0000027b2df3e800, 0x0000027b4b2e3000, 0x0000027b4b301800,
0x0000027b4b302800, 0x0000027b4b304800, 0x0000027b4b308000, 0x0000027b4b31e800,
0x0000027b4b34a000, 0x0000027b4bd8d800, 0x0000027b4bd82800
}

Java Threads: ( => current thread )
  0x0000027b2de56800 JavaThread "main" [_thread_in_vm, id=20912, stack(0x000000843f900000,0x000000843fa00000)]
  0x0000027b2df3e800 JavaThread "Reference Handler" daemon [_thread_blocked, id=9640, stack(0x0000008440000000,0x0000008440100000)]
  0x0000027b4b2e3000 JavaThread "Finalizer" daemon [_thread_blocked, id=6080, stack(0x0000008440100000,0x0000008440200000)]
  0x0000027b4b301800 JavaThread "Signal Dispatcher" daemon [_thread_blocked, id=13020, stack(0x0000008440200000,0x0000008440300000)]
  0x0000027b4b302800 JavaThread "Attach Listener" daemon [_thread_blocked, id=6324, stack(0x0000008440300000,0x0000008440400000)]
  0x0000027b4b304800 JavaThread "Service Thread" daemon [_thread_blocked, id=14172, stack(0x0000008440400000,0x0000008440500000)]
=>0x0000027b4b308000 JavaThread "C2 CompilerThread0" daemon [_thread_in_native, id=11040, stack(0x0000008440500000,0x0000008440600000)]
  0x0000027b4b31e800 JavaThread "C1 CompilerThread0" daemon [_thread_blocked, id=15028, stack(0x0000008440600000,0x0000008440700000)]
  0x0000027b4b34a000 JavaThread "Sweeper thread" daemon [_thread_blocked, id=16232, stack(0x0000008440700000,0x0000008440800000)]
  0x0000027b4bd8d800 JavaThread "Notification Thread" daemon [_thread_blocked, id=14428, stack(0x0000008440800000,0x0000008440900000)]
  0x0000027b4bd82800 JavaThread "Common-Cleaner" daemon [_thread_blocked, id=19088, stack(0x0000008440a00000,0x0000008440b00000)]

Other Threads:
  0x0000027b2df3d000 VMThread "VM Thread" [stack: 0x000000843ff00000,0x0000008440000000] [id=10624]
  0x0000027b4bd82000 WatcherThread [stack: 0x0000008440900000,0x0000008440a00000] [id=10252]
  0x0000027b2de90800 GCTaskThread "GC Thread#0" [stack: 0x000000843fa00000,0x000000843fb00000] [id=6720]
  0x0000027b2de9f000 ConcurrentGCThread "G1 Main Marker" [stack: 0x000000843fb00000,0x000000843fc00000] [id=6012]
  0x0000027b2dea0800 ConcurrentGCThread "G1 Conc#0" [stack: 0x000000843fc00000,0x000000843fd00000] [id=15000]
  0x0000027b2df13800 ConcurrentGCThread "G1 Refine#0" [stack: 0x000000843fd00000,0x000000843fe00000] [id=6792]
  0x0000027b2df15800 ConcurrentGCThread "G1 Young RemSet Sampling" [stack: 0x000000843fe00000,0x000000843ff00000] [id=6248]

Threads with active compile tasks:
C2 CompilerThread0      771  546 %     4       java.util.Properties$LineReader::readLine @ 224 (584 bytes)

VM state:not at safepoint (normal execution)

VM Mutex/Monitor currently owned by a thread: None

Heap address: 0x00000000a1800000, size: 1512 MB, Compressed Oops mode: 32-bit
Narrow klass base: 0x0000000800000000, Narrow klass shift: 3
Compressed class space size: 1073741824 Address: 0x0000000800b30000

Heap:
 garbage-first heap   total 98304K, used 5120K [0x00000000a1800000, 0x0000000100000000)
  region size 1024K, 7 young (7168K), 0 survivors (0K)
 Metaspace       used 3497K, capacity 6514K, committed 6784K, reserved 1056768K
  class space    used 318K, capacity 602K, committed 640K, reserved 1048576K
Heap Regions: E=young(eden), S=young(survivor), O=old, HS=humongous(starts), HC=humongous(continues), CS=collection set, F=free, OA=open archive, CA=closed archive, TAMS=top-at-mark-start (previous, next)
|   0|0x00000000a1800000, 0x00000000a1800000, 0x00000000a1900000|  0%| F|  |TAMS 0x00000000a1800000, 0x00000000a1800000| Untracked 
|   1|0x00000000a1900000, 0x00000000a1900000, 0x00000000a1a00000|  0%| F|  |TAMS 0x00000000a1900000, 0x00000000a1900000| Untracked 
|   2|0x00000000a1a00000, 0x00000000a1a00000, 0x00000000a1b00000|  0%| F|  |TAMS 0x00000000a1a00000, 0x00000000a1a00000| Untracked 
|   3|0x00000000a1b00000, 0x00000000a1b00000, 0x00000000a1c00000|  0%| F|  |TAMS 0x00000000a1b00000, 0x00000000a1b00000| Untracked 
|   4|0x00000000a1c00000, 0x00000000a1c00000, 0x00000000a1d00000|  0%| F|  |TAMS 0x00000000a1c00000, 0x00000000a1c00000| Untracked 
|   5|0x00000000a1d00000, 0x00000000a1d00000, 0x00000000a1e00000|  0%| F|  |TAMS 0x00000000a1d00000, 0x00000000a1d00000| Untracked 
|   6|0x00000000a1e00000, 0x00000000a1e00000, 0x00000000a1f00000|  0%| F|  |TAMS 0x00000000a1e00000, 0x00000000a1e00000| Untracked 
|   7|0x00000000a1f00000, 0x00000000a1f00000, 0x00000000a2000000|  0%| F|  |TAMS 0x00000000a1f00000, 0x00000000a1f00000| Untracked 
|   8|0x00000000a2000000, 0x00000000a2000000, 0x00000000a2100000|  0%| F|  |TAMS 0x00000000a2000000, 0x00000000a2000000| Untracked 
|   9|0x00000000a2100000, 0x00000000a2100000, 0x00000000a2200000|  0%| F|  |TAMS 0x00000000a2100000, 0x00000000a2100000| Untracked 
|  10|0x00000000a2200000, 0x00000000a2200000, 0x00000000a2300000|  0%| F|  |TAMS 0x00000000a2200000, 0x00000000a2200000| Untracked 
|  11|0x00000000a2300000, 0x00000000a2300000, 0x00000000a2400000|  0%| F|  |TAMS 0x00000000a2300000, 0x00000000a2300000| Untracked 
|  12|0x00000000a2400000, 0x00000000a2400000, 0x00000000a2500000|  0%| F|  |TAMS 0x00000000a2400000, 0x00000000a2400000| Untracked 
|  13|0x00000000a2500000, 0x00000000a2500000, 0x00000000a2600000|  0%| F|  |TAMS 0x00000000a2500000, 0x00000000a2500000| Untracked 
|  14|0x00000000a2600000, 0x00000000a2600000, 0x00000000a2700000|  0%| F|  |TAMS 0x00000000a2600000, 0x00000000a2600000| Untracked 
|  15|0x00000000a2700000, 0x00000000a2700000, 0x00000000a2800000|  0%| F|  |TAMS 0x00000000a2700000, 0x00000000a2700000| Untracked 
|  16|0x00000000a2800000, 0x00000000a2800000, 0x00000000a2900000|  0%| F|  |TAMS 0x00000000a2800000, 0x00000000a2800000| Untracked 
|  17|0x00000000a2900000, 0x00000000a2900000, 0x00000000a2a00000|  0%| F|  |TAMS 0x00000000a2900000, 0x00000000a2900000| Untracked 
|  18|0x00000000a2a00000, 0x00000000a2a00000, 0x00000000a2b00000|  0%| F|  |TAMS 0x00000000a2a00000, 0x00000000a2a00000| Untracked 
|  19|0x00000000a2b00000, 0x00000000a2b00000, 0x00000000a2c00000|  0%| F|  |TAMS 0x00000000a2b00000, 0x00000000a2b00000| Untracked 
|  20|0x00000000a2c00000, 0x00000000a2c00000, 0x00000000a2d00000|  0%| F|  |TAMS 0x00000000a2c00000, 0x00000000a2c00000| Untracked 
|  21|0x00000000a2d00000, 0x00000000a2d00000, 0x00000000a2e00000|  0%| F|  |TAMS 0x00000000a2d00000, 0x00000000a2d00000| Untracked 
|  22|0x00000000a2e00000, 0x00000000a2e00000, 0x00000000a2f00000|  0%| F|  |TAMS 0x00000000a2e00000, 0x00000000a2e00000| Untracked 
|  23|0x00000000a2f00000, 0x00000000a2f00000, 0x00000000a3000000|  0%| F|  |TAMS 0x00000000a2f00000, 0x00000000a2f00000| Untracked 
|  24|0x00000000a3000000, 0x00000000a3000000, 0x00000000a3100000|  0%| F|  |TAMS 0x00000000a3000000, 0x00000000a3000000| Untracked 
|  25|0x00000000a3100000, 0x00000000a3100000, 0x00000000a3200000|  0%| F|  |TAMS 0x00000000a3100000, 0x00000000a3100000| Untracked 
|  26|0x00000000a3200000, 0x00000000a3200000, 0x00000000a3300000|  0%| F|  |TAMS 0x00000000a3200000, 0x00000000a3200000| Untracked 
|  27|0x00000000a3300000, 0x00000000a3300000, 0x00000000a3400000|  0%| F|  |TAMS 0x00000000a3300000, 0x00000000a3300000| Untracked 
|  28|0x00000000a3400000, 0x00000000a3400000, 0x00000000a3500000|  0%| F|  |TAMS 0x00000000a3400000, 0x00000000a3400000| Untracked 
|  29|0x00000000a3500000, 0x00000000a3500000, 0x00000000a3600000|  0%| F|  |TAMS 0x00000000a3500000, 0x00000000a3500000| Untracked 
|  30|0x00000000a3600000, 0x00000000a3600000, 0x00000000a3700000|  0%| F|  |TAMS 0x00000000a3600000, 0x00000000a3600000| Untracked 
|  31|0x00000000a3700000, 0x00000000a3700000, 0x00000000a3800000|  0%| F|  |TAMS 0x00000000a3700000, 0x00000000a3700000| Untracked 
|  32|0x00000000a3800000, 0x00000000a3800000, 0x00000000a3900000|  0%| F|  |TAMS 0x00000000a3800000, 0x00000000a3800000| Untracked 
|  33|0x00000000a3900000, 0x00000000a3900000, 0x00000000a3a00000|  0%| F|  |TAMS 0x00000000a3900000, 0x00000000a3900000| Untracked 
|  34|0x00000000a3a00000, 0x00000000a3a00000, 0x00000000a3b00000|  0%| F|  |TAMS 0x00000000a3a00000, 0x00000000a3a00000| Untracked 
|  35|0x00000000a3b00000, 0x00000000a3b00000, 0x00000000a3c00000|  0%| F|  |TAMS 0x00000000a3b00000, 0x00000000a3b00000| Untracked 
|  36|0x00000000a3c00000, 0x00000000a3c00000, 0x00000000a3d00000|  0%| F|  |TAMS 0x00000000a3c00000, 0x00000000a3c00000| Untracked 
|  37|0x00000000a3d00000, 0x00000000a3d00000, 0x00000000a3e00000|  0%| F|  |TAMS 0x00000000a3d00000, 0x00000000a3d00000| Untracked 
|  38|0x00000000a3e00000, 0x00000000a3e00000, 0x00000000a3f00000|  0%| F|  |TAMS 0x00000000a3e00000, 0x00000000a3e00000| Untracked 
|  39|0x00000000a3f00000, 0x00000000a3f00000, 0x00000000a4000000|  0%| F|  |TAMS 0x00000000a3f00000, 0x00000000a3f00000| Untracked 
|  40|0x00000000a4000000, 0x00000000a4000000, 0x00000000a4100000|  0%| F|  |TAMS 0x00000000a4000000, 0x00000000a4000000| Untracked 
|  41|0x00000000a4100000, 0x00000000a4100000, 0x00000000a4200000|  0%| F|  |TAMS 0x00000000a4100000, 0x00000000a4100000| Untracked 
|  42|0x00000000a4200000, 0x00000000a4200000, 0x00000000a4300000|  0%| F|  |TAMS 0x00000000a4200000, 0x00000000a4200000| Untracked 
|  43|0x00000000a4300000, 0x00000000a4300000, 0x00000000a4400000|  0%| F|  |TAMS 0x00000000a4300000, 0x00000000a4300000| Untracked 
|  44|0x00000000a4400000, 0x00000000a4400000, 0x00000000a4500000|  0%| F|  |TAMS 0x00000000a4400000, 0x00000000a4400000| Untracked 
|  45|0x00000000a4500000, 0x00000000a4500000, 0x00000000a4600000|  0%| F|  |TAMS 0x00000000a4500000, 0x00000000a4500000| Untracked 
|  46|0x00000000a4600000, 0x00000000a4600000, 0x00000000a4700000|  0%| F|  |TAMS 0x00000000a4600000, 0x00000000a4600000| Untracked 
|  47|0x00000000a4700000, 0x00000000a4700000, 0x00000000a4800000|  0%| F|  |TAMS 0x00000000a4700000, 0x00000000a4700000| Untracked 
|  48|0x00000000a4800000, 0x00000000a4800000, 0x00000000a4900000|  0%| F|  |TAMS 0x00000000a4800000, 0x00000000a4800000| Untracked 
|  49|0x00000000a4900000, 0x00000000a4900000, 0x00000000a4a00000|  0%| F|  |TAMS 0x00000000a4900000, 0x00000000a4900000| Untracked 
|  50|0x00000000a4a00000, 0x00000000a4a00000, 0x00000000a4b00000|  0%| F|  |TAMS 0x00000000a4a00000, 0x00000000a4a00000| Untracked 
|  51|0x00000000a4b00000, 0x00000000a4b00000, 0x00000000a4c00000|  0%| F|  |TAMS 0x00000000a4b00000, 0x00000000a4b00000| Untracked 
|  52|0x00000000a4c00000, 0x00000000a4c00000, 0x00000000a4d00000|  0%| F|  |TAMS 0x00000000a4c00000, 0x00000000a4c00000| Untracked 
|  53|0x00000000a4d00000, 0x00000000a4d00000, 0x00000000a4e00000|  0%| F|  |TAMS 0x00000000a4d00000, 0x00000000a4d00000| Untracked 
|  54|0x00000000a4e00000, 0x00000000a4e00000, 0x00000000a4f00000|  0%| F|  |TAMS 0x00000000a4e00000, 0x00000000a4e00000| Untracked 
|  55|0x00000000a4f00000, 0x00000000a4f00000, 0x00000000a5000000|  0%| F|  |TAMS 0x00000000a4f00000, 0x00000000a4f00000| Untracked 
|  56|0x00000000a5000000, 0x00000000a5000000, 0x00000000a5100000|  0%| F|  |TAMS 0x00000000a5000000, 0x00000000a5000000| Untracked 
|  57|0x00000000a5100000, 0x00000000a5100000, 0x00000000a5200000|  0%| F|  |TAMS 0x00000000a5100000, 0x00000000a5100000| Untracked 
|  58|0x00000000a5200000, 0x00000000a5200000, 0x00000000a5300000|  0%| F|  |TAMS 0x00000000a5200000, 0x00000000a5200000| Untracked 
|  59|0x00000000a5300000, 0x00000000a5300000, 0x00000000a5400000|  0%| F|  |TAMS 0x00000000a5300000, 0x00000000a5300000| Untracked 
|  60|0x00000000a5400000, 0x00000000a5400000, 0x00000000a5500000|  0%| F|  |TAMS 0x00000000a5400000, 0x00000000a5400000| Untracked 
|  61|0x00000000a5500000, 0x00000000a5500000, 0x00000000a5600000|  0%| F|  |TAMS 0x00000000a5500000, 0x00000000a5500000| Untracked 
|  62|0x00000000a5600000, 0x00000000a5600000, 0x00000000a5700000|  0%| F|  |TAMS 0x00000000a5600000, 0x00000000a5600000| Untracked 
|  63|0x00000000a5700000, 0x00000000a5700000, 0x00000000a5800000|  0%| F|  |TAMS 0x00000000a5700000, 0x00000000a5700000| Untracked 
|  64|0x00000000a5800000, 0x00000000a5800000, 0x00000000a5900000|  0%| F|  |TAMS 0x00000000a5800000, 0x00000000a5800000| Untracked 
|  65|0x00000000a5900000, 0x00000000a5900000, 0x00000000a5a00000|  0%| F|  |TAMS 0x00000000a5900000, 0x00000000a5900000| Untracked 
|  66|0x00000000a5a00000, 0x00000000a5a00000, 0x00000000a5b00000|  0%| F|  |TAMS 0x00000000a5a00000, 0x00000000a5a00000| Untracked 
|  67|0x00000000a5b00000, 0x00000000a5b00000, 0x00000000a5c00000|  0%| F|  |TAMS 0x00000000a5b00000, 0x00000000a5b00000| Untracked 
|  68|0x00000000a5c00000, 0x00000000a5c00000, 0x00000000a5d00000|  0%| F|  |TAMS 0x00000000a5c00000, 0x00000000a5c00000| Untracked 
|  69|0x00000000a5d00000, 0x00000000a5d00000, 0x00000000a5e00000|  0%| F|  |TAMS 0x00000000a5d00000, 0x00000000a5d00000| Untracked 
|  70|0x00000000a5e00000, 0x00000000a5e00000, 0x00000000a5f00000|  0%| F|  |TAMS 0x00000000a5e00000, 0x00000000a5e00000| Untracked 
|  71|0x00000000a5f00000, 0x00000000a5f00000, 0x00000000a6000000|  0%| F|  |TAMS 0x00000000a5f00000, 0x00000000a5f00000| Untracked 
|  72|0x00000000a6000000, 0x00000000a6000000, 0x00000000a6100000|  0%| F|  |TAMS 0x00000000a6000000, 0x00000000a6000000| Untracked 
|  73|0x00000000a6100000, 0x00000000a6100000, 0x00000000a6200000|  0%| F|  |TAMS 0x00000000a6100000, 0x00000000a6100000| Untracked 
|  74|0x00000000a6200000, 0x00000000a6200000, 0x00000000a6300000|  0%| F|  |TAMS 0x00000000a6200000, 0x00000000a6200000| Untracked 
|  75|0x00000000a6300000, 0x00000000a6300000, 0x00000000a6400000|  0%| F|  |TAMS 0x00000000a6300000, 0x00000000a6300000| Untracked 
|  76|0x00000000a6400000, 0x00000000a6400000, 0x00000000a6500000|  0%| F|  |TAMS 0x00000000a6400000, 0x00000000a6400000| Untracked 
|  77|0x00000000a6500000, 0x00000000a6500000, 0x00000000a6600000|  0%| F|  |TAMS 0x00000000a6500000, 0x00000000a6500000| Untracked 
|  78|0x00000000a6600000, 0x00000000a6600000, 0x00000000a6700000|  0%| F|  |TAMS 0x00000000a6600000, 0x00000000a6600000| Untracked 
|  79|0x00000000a6700000, 0x00000000a6700000, 0x00000000a6800000|  0%| F|  |TAMS 0x00000000a6700000, 0x00000000a6700000| Untracked 
|  80|0x00000000a6800000, 0x00000000a6800000, 0x00000000a6900000|  0%| F|  |TAMS 0x00000000a6800000, 0x00000000a6800000| Untracked 
|  81|0x00000000a6900000, 0x00000000a6900000, 0x00000000a6a00000|  0%| F|  |TAMS 0x00000000a6900000, 0x00000000a6900000| Untracked 
|  82|0x00000000a6a00000, 0x00000000a6a00000, 0x00000000a6b00000|  0%| F|  |TAMS 0x00000000a6a00000, 0x00000000a6a00000| Untracked 
|  83|0x00000000a6b00000, 0x00000000a6b00000, 0x00000000a6c00000|  0%| F|  |TAMS 0x00000000a6b00000, 0x00000000a6b00000| Untracked 
|  84|0x00000000a6c00000, 0x00000000a6c00000, 0x00000000a6d00000|  0%| F|  |TAMS 0x00000000a6c00000, 0x00000000a6c00000| Untracked 
|  85|0x00000000a6d00000, 0x00000000a6d00000, 0x00000000a6e00000|  0%| F|  |TAMS 0x00000000a6d00000, 0x00000000a6d00000| Untracked 
|  86|0x00000000a6e00000, 0x00000000a6e00000, 0x00000000a6f00000|  0%| F|  |TAMS 0x00000000a6e00000, 0x00000000a6e00000| Untracked 
|  87|0x00000000a6f00000, 0x00000000a6f00000, 0x00000000a7000000|  0%| F|  |TAMS 0x00000000a6f00000, 0x00000000a6f00000| Untracked 
|  88|0x00000000a7000000, 0x00000000a7000000, 0x00000000a7100000|  0%| F|  |TAMS 0x00000000a7000000, 0x00000000a7000000| Untracked 
|  89|0x00000000a7100000, 0x00000000a7157368, 0x00000000a7200000| 34%| E|  |TAMS 0x00000000a7100000, 0x00000000a7100000| Complete 
|  90|0x00000000a7200000, 0x00000000a72ff5f8, 0x00000000a7300000| 99%| E|  |TAMS 0x00000000a7200000, 0x00000000a7200000| Complete 
|  91|0x00000000a7300000, 0x00000000a7400000, 0x00000000a7400000|100%| E|CS|TAMS 0x00000000a7300000, 0x00000000a7300000| Complete 
|  92|0x00000000a7400000, 0x00000000a7500000, 0x00000000a7500000|100%| E|CS|TAMS 0x00000000a7400000, 0x00000000a7400000| Complete 
|  93|0x00000000a7500000, 0x00000000a7600000, 0x00000000a7600000|100%| E|CS|TAMS 0x00000000a7500000, 0x00000000a7500000| Complete 
|  94|0x00000000a7600000, 0x00000000a7700000, 0x00000000a7700000|100%| E|CS|TAMS 0x00000000a7600000, 0x00000000a7600000| Complete 
|  95|0x00000000a7700000, 0x00000000a7800000, 0x00000000a7800000|100%| E|CS|TAMS 0x00000000a7700000, 0x00000000a7700000| Complete 

Card table byte_map: [0x0000027b45910000,0x0000027b45c10000] _byte_map_base: 0x0000027b45404000

Marking Bits (Prev, Next): (CMBitMap*) 0x0000027b2de921f8, (CMBitMap*) 0x0000027b2de92238
 Prev Bits: [0x0000027b45f10000, 0x0000027b476b0000)
 Next Bits: [0x0000027b476b0000, 0x0000027b48e50000)

Polling page: 0x0000027b2bfd0000

Metaspace:

Usage:
  Non-class:      5.77 MB capacity,     3.10 MB ( 54%) used,     2.66 MB ( 46%) free+waste,     6.13 KB ( <1%) overhead. 
      Class:    602.00 KB capacity,   318.71 KB ( 53%) used,   279.79 KB ( 46%) free+waste,     3.50 KB ( <1%) overhead. 
       Both:      6.36 MB capacity,     3.42 MB ( 54%) used,     2.94 MB ( 46%) free+waste,     9.63 KB ( <1%) overhead. 

Virtual space:
  Non-class space:        8.00 MB reserved,       6.00 MB ( 75%) committed 
      Class space:        1.00 GB reserved,     640.00 KB ( <1%) committed 
             Both:        1.01 GB reserved,       6.63 MB ( <1%) committed 

Chunk freelists:
   Non-Class:  40.00 KB
       Class:  6.00 KB
        Both:  46.00 KB

MaxMetaspaceSize: 17179869184.00 GB
CompressedClassSpaceSize: 1.00 GB

CodeHeap 'non-profiled nmethods': size=120000Kb used=173Kb max_used=173Kb free=119826Kb
 bounds [0x0000027b3e0e0000, 0x0000027b3e350000, 0x0000027b45610000]
CodeHeap 'profiled nmethods': size=120000Kb used=889Kb max_used=889Kb free=119110Kb
 bounds [0x0000027b36bb0000, 0x0000027b36e20000, 0x0000027b3e0e0000]
CodeHeap 'non-nmethods': size=5760Kb used=1190Kb max_used=1190Kb free=4569Kb
 bounds [0x0000027b36610000, 0x0000027b36880000, 0x0000027b36bb0000]
 total_blobs=1018 nmethods=565 adapters=366
 compilation: enabled
              stopped_count=0, restarted_count=0
 full_count=0

Compilation events (20 events):
Event: 0.690 Thread 0x0000027b4b31e800  540       3       java.util.zip.ZipUtils::CENFLG (9 bytes)
Event: 0.691 Thread 0x0000027b4b31e800 nmethod 540 0x0000027b36c81110 code [0x0000027b36c812c0, 0x0000027b36c81458]
Event: 0.694 Thread 0x0000027b4b31e800  541       1       java.lang.String::value (5 bytes)
Event: 0.694 Thread 0x0000027b4b31e800 nmethod 541 0x0000027b3e109e90 code [0x0000027b3e10a020, 0x0000027b3e10a0f8]
Event: 0.699 Thread 0x0000027b4b31e800  542       3       java.util.zip.ZipUtils::CENLEN (9 bytes)
Event: 0.699 Thread 0x0000027b4b31e800 nmethod 542 0x0000027b36c81590 code [0x0000027b36c81740, 0x0000027b36c81a18]
Event: 0.699 Thread 0x0000027b4b31e800  543       1       java.lang.NamedPackage::module (5 bytes)
Event: 0.699 Thread 0x0000027b4b31e800 nmethod 543 0x0000027b3e10a190 code [0x0000027b3e10a320, 0x0000027b3e10a3f8]
Event: 0.720 Thread 0x0000027b4b31e800  544       3       java.lang.reflect.AccessibleObject::<init> (5 bytes)
Event: 0.720 Thread 0x0000027b4b31e800 nmethod 544 0x0000027b36c81b90 code [0x0000027b36c81d20, 0x0000027b36c81e98]
Event: 0.722 Thread 0x0000027b4b31e800  545       3       java.lang.ref.Reference::<init> (7 bytes)
Event: 0.722 Thread 0x0000027b4b31e800 nmethod 545 0x0000027b36c81f90 code [0x0000027b36c82140, 0x0000027b36c823f8]
Event: 0.734 Thread 0x0000027b4b308000  546 %     4       java.util.Properties$LineReader::readLine @ 224 (584 bytes)
Event: 0.734 Thread 0x0000027b4b31e800  547 %     3       java.util.Properties::loadConvert @ 8 (544 bytes)
Event: 0.736 Thread 0x0000027b4b31e800 nmethod 547% 0x0000027b36c82510 code [0x0000027b36c82840, 0x0000027b36c840e8]
Event: 0.736 Thread 0x0000027b4b31e800  548       3       java.lang.invoke.MethodTypeForm::canonicalizeAll (63 bytes)
Event: 0.737 Thread 0x0000027b4b31e800 nmethod 548 0x0000027b36c84890 code [0x0000027b36c84a80, 0x0000027b36c850f8]
Event: 0.737 Thread 0x0000027b4b31e800  549       3       java.lang.invoke.MethodType$ConcurrentWeakInternSet$WeakEntry::<init> (15 bytes)
Event: 0.737 Thread 0x0000027b4b31e800 nmethod 549 0x0000027b36c85310 code [0x0000027b36c854e0, 0x0000027b36c85908]
Event: 0.737 Thread 0x0000027b4b31e800  551       3       sun.invoke.util.Wrapper::findPrimitiveType (25 bytes)

GC Heap History (0 events):
No events

Deoptimization events (8 events):
Event: 0.101 Thread 0x0000027b2de56800 Uncommon trap: trap_request=0xffffff45 fr.pc=0x0000027b3e0e449c relative=0x00000000000001bc
Event: 0.101 Thread 0x0000027b2de56800 Uncommon trap: reason=unstable_if action=reinterpret pc=0x0000027b3e0e449c method=java.lang.String.hashCode()I @ 42 c2
Event: 0.102 Thread 0x0000027b2de56800 DEOPT PACKING pc=0x0000027b3e0e449c sp=0x000000843f9fde70
Event: 0.102 Thread 0x0000027b2de56800 DEOPT UNPACKING pc=0x0000027b3665912f sp=0x000000843f9fde08 mode 2
Event: 0.734 Thread 0x0000027b2de56800 Uncommon trap: trap_request=0xffffff45 fr.pc=0x0000027b3e0fab38 relative=0x0000000000001318
Event: 0.734 Thread 0x0000027b2de56800 Uncommon trap: reason=unstable_if action=reinterpret pc=0x0000027b3e0fab38 method=java.lang.String.<init>([CIILjava/lang/Void;)V @ 5 c2
Event: 0.734 Thread 0x0000027b2de56800 DEOPT PACKING pc=0x0000027b3e0fab38 sp=0x000000843f9fbe60
Event: 0.734 Thread 0x0000027b2de56800 DEOPT UNPACKING pc=0x0000027b3665912f sp=0x000000843f9fbd50 mode 2

Classes unloaded (0 events):
No events

Classes redefined (0 events):
No events

Internal exceptions (1 events):
Event: 0.147 Thread 0x0000027b2de56800 Exception <a 'java/lang/NoSuchMethodError'{0x00000000a7605fc0}: 'int java.lang.invoke.DirectMethodHandle$Holder.invokeSpecialIFC(java.lang.Object, java.lang.Object, int)'> (0x00000000a7605fc0) 
thrown [./open/src/hotspot/share/interpreter/linkResolver.cpp, line 766]

Events (20 events):
Event: 0.717 Executing VM operation: HandshakeAllThreads
Event: 0.718 Executing VM operation: HandshakeAllThreads done
Event: 0.722 loading class java/util/concurrent/ConcurrentSkipListMap$KeySet
Event: 0.722 loading class java/util/concurrent/ConcurrentSkipListMap$KeySet done
Event: 0.722 loading class java/util/concurrent/ConcurrentSkipListMap$KeyIterator
Event: 0.722 loading class java/util/concurrent/ConcurrentSkipListMap$Iter
Event: 0.723 loading class java/util/concurrent/ConcurrentSkipListMap$Iter done
Event: 0.723 loading class java/util/concurrent/ConcurrentSkipListMap$KeyIterator done
Event: 0.723 loading class java/net/InetAddress$NameServiceAddresses
Event: 0.723 loading class java/net/InetAddress$Addresses
Event: 0.723 loading class java/net/InetAddress$Addresses done
Event: 0.723 loading class java/net/InetAddress$NameServiceAddresses done
Event: 0.732 loading class sun/net/InetAddressCachePolicy
Event: 0.733 loading class sun/net/InetAddressCachePolicy done
Event: 0.733 loading class sun/net/InetAddressCachePolicy$1
Event: 0.733 loading class sun/net/InetAddressCachePolicy$1 done
Event: 0.735 loading class sun/net/InetAddressCachePolicy$2
Event: 0.735 loading class sun/net/InetAddressCachePolicy$2 done
Event: 0.735 loading class java/net/InetAddress$CachedAddresses
Event: 0.735 loading class java/net/InetAddress$CachedAddresses done


Dynamic libraries:
0x00007ff6b1380000 - 0x00007ff6b138f000 	C:\Program Files\Java\jdk-14.0.2\bin\javaw.exe
0x00007ffddd550000 - 0x00007ffddd746000 	C:\Windows\SYSTEM32\ntdll.dll
0x00007ffddd320000 - 0x00007ffddd3dd000 	C:\Windows\System32\KERNEL32.DLL
0x00007ffddace0000 - 0x00007ffddafa8000 	C:\Windows\System32\KERNELBASE.dll
0x00007ffddb4b0000 - 0x00007ffddb5b0000 	C:\Windows\System32\ucrtbase.dll
0x00007ffdd8f30000 - 0x00007ffdd8f45000 	C:\Program Files\Java\jdk-14.0.2\bin\VCRUNTIME140.dll
0x00007ffdd90a0000 - 0x00007ffdd90b8000 	C:\Program Files\Java\jdk-14.0.2\bin\jli.dll
0x00007ffddb930000 - 0x00007ffddb9dc000 	C:\Windows\System32\ADVAPI32.dll
0x00007ffddcfb0000 - 0x00007ffddd04e000 	C:\Windows\System32\msvcrt.dll
0x00007ffddc2d0000 - 0x00007ffddc36b000 	C:\Windows\System32\sechost.dll
0x00007ffddd3e0000 - 0x00007ffddd504000 	C:\Windows\System32\RPCRT4.dll
0x00007ffddb790000 - 0x00007ffddb930000 	C:\Windows\System32\USER32.dll
0x00007ffddb0c0000 - 0x00007ffddb0e2000 	C:\Windows\System32\win32u.dll
0x00007ffddc2a0000 - 0x00007ffddc2ca000 	C:\Windows\System32\GDI32.dll
0x00007ffdda050000 - 0x00007ffdda2eb000 	C:\Windows\WinSxS\amd64_microsoft.windows.common-controls_6595b64144ccf1df_6.0.19041.488_none_ca04af081b815d21\COMCTL32.dll
0x00007ffddb3a0000 - 0x00007ffddb4a9000 	C:\Windows\System32\gdi32full.dll
0x00007ffddb300000 - 0x00007ffddb39d000 	C:\Windows\System32\msvcp_win.dll
0x00007ffdcb7f0000 - 0x00007ffdcb7fa000 	C:\Windows\SYSTEM32\VERSION.dll
0x00007ffddd200000 - 0x00007ffddd230000 	C:\Windows\System32\IMM32.DLL
0x00007ffdcef20000 - 0x00007ffdcefbb000 	C:\Program Files\Java\jdk-14.0.2\bin\msvcp140.dll
0x00007ffd859e0000 - 0x00007ffd864fe000 	C:\Program Files\Java\jdk-14.0.2\bin\server\jvm.dll
0x00007ffddd230000 - 0x00007ffddd238000 	C:\Windows\System32\PSAPI.DLL
0x00007ffdccd60000 - 0x00007ffdccd69000 	C:\Windows\SYSTEM32\WSOCK32.dll
0x00007ffdc9d40000 - 0x00007ffdc9d67000 	C:\Windows\SYSTEM32\WINMM.dll
0x00007ffddcd00000 - 0x00007ffddcd6b000 	C:\Windows\System32\WS2_32.dll
0x00007ffdd7fb0000 - 0x00007ffdd7fc2000 	C:\Windows\SYSTEM32\kernel.appcore.dll
0x00007ffdccce0000 - 0x00007ffdcccea000 	C:\Program Files\Java\jdk-14.0.2\bin\jimage.dll
0x00007ffdda5c0000 - 0x00007ffdda7a4000 	C:\Windows\SYSTEM32\DBGHELP.DLL
0x00007ffdda590000 - 0x00007ffdda5bc000 	C:\Windows\SYSTEM32\dbgcore.DLL
0x00007ffddb0f0000 - 0x00007ffddb16f000 	C:\Windows\System32\bcryptPrimitives.dll
0x00007ffdbffc0000 - 0x00007ffdbffe5000 	C:\Program Files\Java\jdk-14.0.2\bin\java.dll
0x00007ffdbffa0000 - 0x00007ffdbffb6000 	C:\Program Files\Java\jdk-14.0.2\bin\zip.dll
0x00007ffddc5b0000 - 0x00007ffddccf1000 	C:\Windows\System32\SHELL32.dll
0x00007ffdd7fd0000 - 0x00007ffdd8765000 	C:\Windows\SYSTEM32\windows.storage.dll
0x00007ffddbf40000 - 0x00007ffddc295000 	C:\Windows\System32\combase.dll
0x00007ffdd9ee0000 - 0x00007ffdd9f0c000 	C:\Windows\SYSTEM32\Wldp.dll
0x00007ffddc4f0000 - 0x00007ffddc59e000 	C:\Windows\System32\SHCORE.dll
0x00007ffddbee0000 - 0x00007ffddbf35000 	C:\Windows\System32\shlwapi.dll
0x00007ffddabc0000 - 0x00007ffddabe6000 	C:\Windows\SYSTEM32\profapi.dll
0x00007ffdbff80000 - 0x00007ffdbff99000 	C:\Program Files\Java\jdk-14.0.2\bin\net.dll
0x00007ffdd7d20000 - 0x00007ffdd7e20000 	C:\Windows\SYSTEM32\WINHTTP.dll
0x00007ffdd9cd0000 - 0x00007ffdd9d3a000 	C:\Windows\system32\mswsock.dll
0x00007ffdbff60000 - 0x00007ffdbff72000 	C:\Program Files\Java\jdk-14.0.2\bin\nio.dll
0x00007ffdc8480000 - 0x00007ffdc8490000 	C:\Program Files\Java\jdk-14.0.2\bin\verify.dll
0x00007ffdd9a20000 - 0x00007ffdd9aeb000 	C:\Windows\SYSTEM32\DNSAPI.dll
0x00007ffdd99e0000 - 0x00007ffdd9a1b000 	C:\Windows\SYSTEM32\IPHLPAPI.DLL
0x00007ffddcd90000 - 0x00007ffddcd98000 	C:\Windows\System32\NSI.dll
0x00007ffdcdad0000 - 0x00007ffdcdada000 	C:\Windows\System32\rasadhlp.dll
0x00007ffdd1050000 - 0x00007ffdd10cf000 	C:\Windows\System32\fwpuclnt.dll
0x00007ffddb2d0000 - 0x00007ffddb2f7000 	C:\Windows\System32\bcrypt.dll

dbghelp: loaded successfully - version: 4.0.5 - missing functions: none
symbol engine: initialized successfully - sym options: 0x614 - pdb path: .;C:\Program Files\Java\jdk-14.0.2\bin;C:\Windows\SYSTEM32;C:\Windows\WinSxS\amd64_microsoft.windows.common-controls_6595b64144ccf1df_6.0.19041.488_none_ca04af081b815d21;C:\Program Files\Java\jdk-14.0.2\bin\server

VM Arguments:
jvm_args: -Dfile.encoding=Cp1252 -XX:+ShowCodeDetailsInExceptionMessages 
java_command: m06.uf2.MainConsulta
java_class_path (initial): C:\Users\DELL E6430\git\repository\ProjectosDAM2\VeureInfo\bin;C:\Users\DELL E6430\OneDrive\Desktop\mysql-connector-java-5.1.17-bin.jar
Launcher Type: SUN_STANDARD

[Global flags]
     intx CICompilerCount                          = 3                                         {product} {ergonomic}
     uint ConcGCThreads                            = 1                                         {product} {ergonomic}
     uint G1ConcRefinementThreads                  = 4                                         {product} {ergonomic}
   size_t G1HeapRegionSize                         = 1048576                                   {product} {ergonomic}
    uintx GCDrainStackTargetSize                   = 64                                        {product} {ergonomic}
   size_t InitialHeapSize                          = 100663296                                 {product} {ergonomic}
   size_t MarkStackSize                            = 4194304                                   {product} {ergonomic}
   size_t MaxHeapSize                              = 1585446912                                {product} {ergonomic}
   size_t MaxNewSize                               = 951058432                                 {product} {ergonomic}
   size_t MinHeapDeltaBytes                        = 1048576                                   {product} {ergonomic}
   size_t MinHeapSize                              = 8388608                                   {product} {ergonomic}
    uintx NonNMethodCodeHeapSize                   = 5832780                                {pd product} {ergonomic}
    uintx NonProfiledCodeHeapSize                  = 122912730                              {pd product} {ergonomic}
    uintx ProfiledCodeHeapSize                     = 122912730                              {pd product} {ergonomic}
    uintx ReservedCodeCacheSize                    = 251658240                              {pd product} {ergonomic}
     bool SegmentedCodeCache                       = true                                      {product} {ergonomic}
     bool ShowCodeDetailsInExceptionMessages       = true                                   {manageable} {command line}
   size_t SoftMaxHeapSize                          = 1585446912                             {manageable} {ergonomic}
     bool UseCompressedClassPointers               = true                                 {lp64_product} {ergonomic}
     bool UseCompressedOops                        = true                                 {lp64_product} {ergonomic}
     bool UseG1GC                                  = true                                      {product} {ergonomic}
     bool UseLargePagesIndividualAllocation        = false                                  {pd product} {ergonomic}

Logging:
Log output configuration:
 #0: stdout all=warning uptime,level,tags
 #1: stderr all=off uptime,level,tags

Environment Variables:
PATH=C:/Program Files/Java/jdk-14.0.2/bin/server;C:/Program Files/Java/jdk-14.0.2/bin;C:\Program Files (x86)\Common Files\Oracle\Java\javapath;C:\Program Files (x86)\Intel\iCLS Client\;C:\Program Files\Intel\iCLS Client\;C:\Windows\system32;C:\Windows;C:\Windows\System32\Wbem;C:\Windows\System32\WindowsPowerShell\v1.0\;C:\Windows\System32\OpenSSH\;C:\Program Files (x86)\Intel\Intel(R) Management Engine Components\DAL;C:\Program Files\Intel\Intel(R) Management Engine Components\DAL;C:\Program Files (x86)\Intel\Intel(R) Management Engine Components\IPT;C:\Program Files\Intel\Intel(R) Management Engine Components\IPT;C:\Users\DELL E6430\AppData\Local\Microsoft\WindowsApps;C:\Users\DELL E6430\AppData\Local\GitHubDesktop\bin;C:\Users\DELL E6430\OneDrive\Desktop;
USERNAME=DELL E6430
OS=Windows_NT
PROCESSOR_IDENTIFIER=Intel64 Family 6 Model 58 Stepping 9, GenuineIntel



---------------  S Y S T E M  ---------------

OS: Windows 10 , 64 bit Build 19041 (10.0.19041.546)
OS uptime: 6 days 8:02 hours
HyperV virtualization detected

CPU:total 4 (initial active 4) (2 cores per cpu, 2 threads per core) family 6 model 58 stepping 9, cmov, cx8, fxsr, mmx, sse, sse2, sse3, ssse3, sse4.1, sse4.2, popcnt, avx, aes, clmul, erms, ht, tsc, tscinvbit, tscinv

Memory: 4k page, system-wide physical 6046M (433M free)
TotalPageFile size 17216M (AvailPageFile size 0M)
current process WorkingSet (physical memory assigned to process): 47M, peak: 47M
current process commit charge ("private bytes"): 178M, peak: 178M

vm_info: Java HotSpot(TM) 64-Bit Server VM (14.0.2+12-46) for windows-amd64 JRE (14.0.2+12-46), built on Jul  9 2020 00:35:52 by "mach5one" with MS VC++ 15.9 (VS2017)

END.
