#
# There is insufficient memory for the Java Runtime Environment to continue.
# Native memory allocation (malloc) failed to allocate 32744 bytes for ChunkPool::allocate
# Possible reasons:
#   The system is out of physical RAM or swap space
#   The process is running with CompressedOops enabled, and the Java Heap may be blocking the growth of the native heap
# Possible solutions:
#   Reduce memory load on the system
#   Increase physical memory or swap space
#   Check if swap backing store is full
#   Decrease Java heap size (-Xmx/-Xms)
#   Decrease number of Java threads
#   Decrease Java thread stack sizes (-Xss)
#   Set larger code cache with -XX:ReservedCodeCacheSize=
#   JVM is running with Unscaled Compressed Oops mode in which the Java heap is
#     placed in the first 4GB address space. The Java Heap base address is the
#     maximum limit for the native heap growth. Please use -XX:HeapBaseMinAddress
#     to set the Java Heap base and to place the Java Heap above 4GB virtual address.
# This output file may be truncated or incomplete.
#
#  Out of Memory Error (./open/src/hotspot/share/memory/arena.cpp:79), pid=6824, tid=13948
#
# JRE version: Java(TM) SE Runtime Environment (14.0.2+12) (build 14.0.2+12-46)
# Java VM: Java HotSpot(TM) 64-Bit Server VM (14.0.2+12-46, mixed mode, sharing, tiered, compressed oops, g1 gc, windows-amd64)
# No core dump will be written. Minidumps are not enabled by default on client versions of Windows
#

---------------  S U M M A R Y ------------

Command Line: -Dfile.encoding=Cp1252 -XX:+ShowCodeDetailsInExceptionMessages m06.uf2.MainConsulta

Host: Intel(R) Core(TM) i5-3230M CPU @ 2.60GHz, 4 cores, 5G,  Windows 10 , 64 bit Build 19041 (10.0.19041.546)
Time: Mon Nov 30 19:22:45 2020 Mitteleuropäische Zeit elapsed time: 0 seconds (0d 0h 0m 0s)

---------------  T H R E A D  ---------------

Current thread (0x0000016c7f99e000):  JavaThread "C1 CompilerThread0" daemon [_thread_in_native, id=13948, stack(0x0000006382a00000,0x0000006382b00000)]


Current CompileTask:
C1:    333  349 %     3       sun.nio.cs.UTF_8$Decoder::decodeArrayLoop @ 73 (691 bytes)

Stack: [0x0000006382a00000,0x0000006382b00000]
Native frames: (J=compiled Java code, j=interpreted, Vv=VM code, C=native code)
V  [jvm.dll+0x5f8a9a]
V  [jvm.dll+0x74247a]
V  [jvm.dll+0x743c2f]
V  [jvm.dll+0x744273]
V  [jvm.dll+0x20d288]
V  [jvm.dll+0xabea6]
V  [jvm.dll+0xac1fc]
V  [jvm.dll+0xfd9f6]
V  [jvm.dll+0x168a5d]
V  [jvm.dll+0x168720]
V  [jvm.dll+0x167f4c]
V  [jvm.dll+0x12d99b]
V  [jvm.dll+0x1171a0]
V  [jvm.dll+0x117340]
V  [jvm.dll+0x1175ff]
V  [jvm.dll+0x116884]
V  [jvm.dll+0x1187d7]
V  [jvm.dll+0x1f4105]
V  [jvm.dll+0x1f22eb]
V  [jvm.dll+0x7070cd]
V  [jvm.dll+0x6ffeda]
V  [jvm.dll+0x5f78f6]
C  [ucrtbase.dll+0x214c2]
C  [KERNEL32.DLL+0x17034]
C  [ntdll.dll+0x4cec1]


---------------  P R O C E S S  ---------------

Threads class SMR info:
_java_thread_list=0x0000016c1b74db20, length=11, elements={
0x0000016c7b407000, 0x0000016c7f975000, 0x0000016c7f976000, 0x0000016c7f993800,
0x0000016c7f994800, 0x0000016c7f998800, 0x0000016c7f9a9000, 0x0000016c7f99e000,
0x0000016c7f99f000, 0x0000016c1b767800, 0x0000016c1b772800
}

Java Threads: ( => current thread )
  0x0000016c7b407000 JavaThread "main" [_thread_in_vm, id=5472, stack(0x0000006381d00000,0x0000006381e00000)]
  0x0000016c7f975000 JavaThread "Reference Handler" daemon [_thread_blocked, id=20916, stack(0x0000006382400000,0x0000006382500000)]
  0x0000016c7f976000 JavaThread "Finalizer" daemon [_thread_blocked, id=5008, stack(0x0000006382500000,0x0000006382600000)]
  0x0000016c7f993800 JavaThread "Signal Dispatcher" daemon [_thread_blocked, id=12320, stack(0x0000006382600000,0x0000006382700000)]
  0x0000016c7f994800 JavaThread "Attach Listener" daemon [_thread_blocked, id=17036, stack(0x0000006382700000,0x0000006382800000)]
  0x0000016c7f998800 JavaThread "Service Thread" daemon [_thread_blocked, id=4832, stack(0x0000006382800000,0x0000006382900000)]
  0x0000016c7f9a9000 JavaThread "C2 CompilerThread0" daemon [_thread_in_native, id=13504, stack(0x0000006382900000,0x0000006382a00000)]
=>0x0000016c7f99e000 JavaThread "C1 CompilerThread0" daemon [_thread_in_native, id=13948, stack(0x0000006382a00000,0x0000006382b00000)]
  0x0000016c7f99f000 JavaThread "Sweeper thread" daemon [_thread_blocked, id=9240, stack(0x0000006382b00000,0x0000006382c00000)]
  0x0000016c1b767800 JavaThread "Notification Thread" daemon [_thread_blocked, id=8492, stack(0x0000006382c00000,0x0000006382d00000)]
  0x0000016c1b772800 JavaThread "Common-Cleaner" daemon [_thread_blocked, id=5864, stack(0x0000006382e00000,0x0000006382f00000)]

Other Threads:
  0x0000016c7f972000 VMThread "VM Thread" [stack: 0x0000006382300000,0x0000006382400000] [id=13764]
  0x0000016c1b772000 WatcherThread [stack: 0x0000006382d00000,0x0000006382e00000] [id=19340]
  0x0000016c7b441000 GCTaskThread "GC Thread#0" [stack: 0x0000006381e00000,0x0000006381f00000] [id=10832]
  0x0000016c7b44f800 ConcurrentGCThread "G1 Main Marker" [stack: 0x0000006381f00000,0x0000006382000000] [id=4384]
  0x0000016c7b451000 ConcurrentGCThread "G1 Conc#0" [stack: 0x0000006382000000,0x0000006382100000] [id=18476]
  0x0000016c7b4c7000 ConcurrentGCThread "G1 Refine#0" [stack: 0x0000006382100000,0x0000006382200000] [id=20964]
  0x0000016c7b4cb000 ConcurrentGCThread "G1 Young RemSet Sampling" [stack: 0x0000006382200000,0x0000006382300000] [id=14460]

Threads with active compile tasks:
C2 CompilerThread0      386  348       4       java.util.Properties::loadConvert (544 bytes)
C1 CompilerThread0      386  349 %     3       sun.nio.cs.UTF_8$Decoder::decodeArrayLoop @ 73 (691 bytes)

VM state:not at safepoint (normal execution)

VM Mutex/Monitor currently owned by a thread: None

Heap address: 0x00000000a1800000, size: 1512 MB, Compressed Oops mode: 32-bit
Narrow klass base: 0x0000000800000000, Narrow klass shift: 3
Compressed class space size: 1073741824 Address: 0x0000000800b30000

Heap:
 garbage-first heap   total 98304K, used 3072K [0x00000000a1800000, 0x0000000100000000)
  region size 1024K, 4 young (4096K), 0 survivors (0K)
 Metaspace       used 1847K, capacity 2329K, committed 2560K, reserved 1060864K
  class space    used 149K, capacity 503K, committed 512K, reserved 1048576K
Heap Regions: E=young(eden), S=young(survivor), O=old, HS=humongous(starts), HC=humongous(continues), CS=collection set, F=free, OA=open archive, CA=closed archive, TAMS=top-at-mark-start (previous, next)
|   0|0x00000000a1800000, 0x00000000a1800000, 0x00000000a1900000|  0%| F|  |TAMS 0x00000000a1800000, 0x00000000a1800000| Untracked 
|   1|0x00000000a1900000, 0x00000000a1900000, 0x00000000a1a00000|  0%| F|  |TAMS 0x00000000a1900000, 0x00000000a1900000| Untracked 
|   2|0x00000000a1a00000, 0x00000000a1a00000, 0x00000000a1b00000|  0%| F|  |TAMS 0x00000000a1a00000, 0x00000000a1a00000| Untracked 
|   3|0x00000000a1b00000, 0x00000000a1b00000, 0x00000000a1c00000|  0%| F|  |TAMS 0x00000000a1b00000, 0x00000000a1b00000| Untracked 
|   4|0x00000000a1c00000, 0x00000000a1c00000, 0x00000000a1d00000|  0%| F|  |TAMS 0x00000000a1c00000, 0x00000000a1c00000| Untracked 
|   5|0x00000000a1d00000, 0x00000000a1d00000, 0x00000000a1e00000|  0%| F|  |TAMS 0x00000000a1d00000, 0x00000000a1d00000| Untracked 
|   6|0x00000000a1e00000, 0x00000000a1e00000, 0x00000000a1f00000|  0%| F|  |TAMS 0x00000000a1e00000, 0x00000000a1e00000| Untracked 
|   7|0x00000000a1f00000, 0x00000000a1f00000, 0x00000000a2000000|  0%| F|  |TAMS 0x00000000a1f00000, 0x00000000a1f00000| Untracked 
|   8|0x00000000a2000000, 0x00000000a2000000, 0x00000000a2100000|  0%| F|  |TAMS 0x00000000a2000000, 0x00000000a2000000| Untracked 
|   9|0x00000000a2100000, 0x00000000a2100000, 0x00000000a2200000|  0%| F|  |TAMS 0x00000000a2100000, 0x00000000a2100000| Untracked 
|  10|0x00000000a2200000, 0x00000000a2200000, 0x00000000a2300000|  0%| F|  |TAMS 0x00000000a2200000, 0x00000000a2200000| Untracked 
|  11|0x00000000a2300000, 0x00000000a2300000, 0x00000000a2400000|  0%| F|  |TAMS 0x00000000a2300000, 0x00000000a2300000| Untracked 
|  12|0x00000000a2400000, 0x00000000a2400000, 0x00000000a2500000|  0%| F|  |TAMS 0x00000000a2400000, 0x00000000a2400000| Untracked 
|  13|0x00000000a2500000, 0x00000000a2500000, 0x00000000a2600000|  0%| F|  |TAMS 0x00000000a2500000, 0x00000000a2500000| Untracked 
|  14|0x00000000a2600000, 0x00000000a2600000, 0x00000000a2700000|  0%| F|  |TAMS 0x00000000a2600000, 0x00000000a2600000| Untracked 
|  15|0x00000000a2700000, 0x00000000a2700000, 0x00000000a2800000|  0%| F|  |TAMS 0x00000000a2700000, 0x00000000a2700000| Untracked 
|  16|0x00000000a2800000, 0x00000000a2800000, 0x00000000a2900000|  0%| F|  |TAMS 0x00000000a2800000, 0x00000000a2800000| Untracked 
|  17|0x00000000a2900000, 0x00000000a2900000, 0x00000000a2a00000|  0%| F|  |TAMS 0x00000000a2900000, 0x00000000a2900000| Untracked 
|  18|0x00000000a2a00000, 0x00000000a2a00000, 0x00000000a2b00000|  0%| F|  |TAMS 0x00000000a2a00000, 0x00000000a2a00000| Untracked 
|  19|0x00000000a2b00000, 0x00000000a2b00000, 0x00000000a2c00000|  0%| F|  |TAMS 0x00000000a2b00000, 0x00000000a2b00000| Untracked 
|  20|0x00000000a2c00000, 0x00000000a2c00000, 0x00000000a2d00000|  0%| F|  |TAMS 0x00000000a2c00000, 0x00000000a2c00000| Untracked 
|  21|0x00000000a2d00000, 0x00000000a2d00000, 0x00000000a2e00000|  0%| F|  |TAMS 0x00000000a2d00000, 0x00000000a2d00000| Untracked 
|  22|0x00000000a2e00000, 0x00000000a2e00000, 0x00000000a2f00000|  0%| F|  |TAMS 0x00000000a2e00000, 0x00000000a2e00000| Untracked 
|  23|0x00000000a2f00000, 0x00000000a2f00000, 0x00000000a3000000|  0%| F|  |TAMS 0x00000000a2f00000, 0x00000000a2f00000| Untracked 
|  24|0x00000000a3000000, 0x00000000a3000000, 0x00000000a3100000|  0%| F|  |TAMS 0x00000000a3000000, 0x00000000a3000000| Untracked 
|  25|0x00000000a3100000, 0x00000000a3100000, 0x00000000a3200000|  0%| F|  |TAMS 0x00000000a3100000, 0x00000000a3100000| Untracked 
|  26|0x00000000a3200000, 0x00000000a3200000, 0x00000000a3300000|  0%| F|  |TAMS 0x00000000a3200000, 0x00000000a3200000| Untracked 
|  27|0x00000000a3300000, 0x00000000a3300000, 0x00000000a3400000|  0%| F|  |TAMS 0x00000000a3300000, 0x00000000a3300000| Untracked 
|  28|0x00000000a3400000, 0x00000000a3400000, 0x00000000a3500000|  0%| F|  |TAMS 0x00000000a3400000, 0x00000000a3400000| Untracked 
|  29|0x00000000a3500000, 0x00000000a3500000, 0x00000000a3600000|  0%| F|  |TAMS 0x00000000a3500000, 0x00000000a3500000| Untracked 
|  30|0x00000000a3600000, 0x00000000a3600000, 0x00000000a3700000|  0%| F|  |TAMS 0x00000000a3600000, 0x00000000a3600000| Untracked 
|  31|0x00000000a3700000, 0x00000000a3700000, 0x00000000a3800000|  0%| F|  |TAMS 0x00000000a3700000, 0x00000000a3700000| Untracked 
|  32|0x00000000a3800000, 0x00000000a3800000, 0x00000000a3900000|  0%| F|  |TAMS 0x00000000a3800000, 0x00000000a3800000| Untracked 
|  33|0x00000000a3900000, 0x00000000a3900000, 0x00000000a3a00000|  0%| F|  |TAMS 0x00000000a3900000, 0x00000000a3900000| Untracked 
|  34|0x00000000a3a00000, 0x00000000a3a00000, 0x00000000a3b00000|  0%| F|  |TAMS 0x00000000a3a00000, 0x00000000a3a00000| Untracked 
|  35|0x00000000a3b00000, 0x00000000a3b00000, 0x00000000a3c00000|  0%| F|  |TAMS 0x00000000a3b00000, 0x00000000a3b00000| Untracked 
|  36|0x00000000a3c00000, 0x00000000a3c00000, 0x00000000a3d00000|  0%| F|  |TAMS 0x00000000a3c00000, 0x00000000a3c00000| Untracked 
|  37|0x00000000a3d00000, 0x00000000a3d00000, 0x00000000a3e00000|  0%| F|  |TAMS 0x00000000a3d00000, 0x00000000a3d00000| Untracked 
|  38|0x00000000a3e00000, 0x00000000a3e00000, 0x00000000a3f00000|  0%| F|  |TAMS 0x00000000a3e00000, 0x00000000a3e00000| Untracked 
|  39|0x00000000a3f00000, 0x00000000a3f00000, 0x00000000a4000000|  0%| F|  |TAMS 0x00000000a3f00000, 0x00000000a3f00000| Untracked 
|  40|0x00000000a4000000, 0x00000000a4000000, 0x00000000a4100000|  0%| F|  |TAMS 0x00000000a4000000, 0x00000000a4000000| Untracked 
|  41|0x00000000a4100000, 0x00000000a4100000, 0x00000000a4200000|  0%| F|  |TAMS 0x00000000a4100000, 0x00000000a4100000| Untracked 
|  42|0x00000000a4200000, 0x00000000a4200000, 0x00000000a4300000|  0%| F|  |TAMS 0x00000000a4200000, 0x00000000a4200000| Untracked 
|  43|0x00000000a4300000, 0x00000000a4300000, 0x00000000a4400000|  0%| F|  |TAMS 0x00000000a4300000, 0x00000000a4300000| Untracked 
|  44|0x00000000a4400000, 0x00000000a4400000, 0x00000000a4500000|  0%| F|  |TAMS 0x00000000a4400000, 0x00000000a4400000| Untracked 
|  45|0x00000000a4500000, 0x00000000a4500000, 0x00000000a4600000|  0%| F|  |TAMS 0x00000000a4500000, 0x00000000a4500000| Untracked 
|  46|0x00000000a4600000, 0x00000000a4600000, 0x00000000a4700000|  0%| F|  |TAMS 0x00000000a4600000, 0x00000000a4600000| Untracked 
|  47|0x00000000a4700000, 0x00000000a4700000, 0x00000000a4800000|  0%| F|  |TAMS 0x00000000a4700000, 0x00000000a4700000| Untracked 
|  48|0x00000000a4800000, 0x00000000a4800000, 0x00000000a4900000|  0%| F|  |TAMS 0x00000000a4800000, 0x00000000a4800000| Untracked 
|  49|0x00000000a4900000, 0x00000000a4900000, 0x00000000a4a00000|  0%| F|  |TAMS 0x00000000a4900000, 0x00000000a4900000| Untracked 
|  50|0x00000000a4a00000, 0x00000000a4a00000, 0x00000000a4b00000|  0%| F|  |TAMS 0x00000000a4a00000, 0x00000000a4a00000| Untracked 
|  51|0x00000000a4b00000, 0x00000000a4b00000, 0x00000000a4c00000|  0%| F|  |TAMS 0x00000000a4b00000, 0x00000000a4b00000| Untracked 
|  52|0x00000000a4c00000, 0x00000000a4c00000, 0x00000000a4d00000|  0%| F|  |TAMS 0x00000000a4c00000, 0x00000000a4c00000| Untracked 
|  53|0x00000000a4d00000, 0x00000000a4d00000, 0x00000000a4e00000|  0%| F|  |TAMS 0x00000000a4d00000, 0x00000000a4d00000| Untracked 
|  54|0x00000000a4e00000, 0x00000000a4e00000, 0x00000000a4f00000|  0%| F|  |TAMS 0x00000000a4e00000, 0x00000000a4e00000| Untracked 
|  55|0x00000000a4f00000, 0x00000000a4f00000, 0x00000000a5000000|  0%| F|  |TAMS 0x00000000a4f00000, 0x00000000a4f00000| Untracked 
|  56|0x00000000a5000000, 0x00000000a5000000, 0x00000000a5100000|  0%| F|  |TAMS 0x00000000a5000000, 0x00000000a5000000| Untracked 
|  57|0x00000000a5100000, 0x00000000a5100000, 0x00000000a5200000|  0%| F|  |TAMS 0x00000000a5100000, 0x00000000a5100000| Untracked 
|  58|0x00000000a5200000, 0x00000000a5200000, 0x00000000a5300000|  0%| F|  |TAMS 0x00000000a5200000, 0x00000000a5200000| Untracked 
|  59|0x00000000a5300000, 0x00000000a5300000, 0x00000000a5400000|  0%| F|  |TAMS 0x00000000a5300000, 0x00000000a5300000| Untracked 
|  60|0x00000000a5400000, 0x00000000a5400000, 0x00000000a5500000|  0%| F|  |TAMS 0x00000000a5400000, 0x00000000a5400000| Untracked 
|  61|0x00000000a5500000, 0x00000000a5500000, 0x00000000a5600000|  0%| F|  |TAMS 0x00000000a5500000, 0x00000000a5500000| Untracked 
|  62|0x00000000a5600000, 0x00000000a5600000, 0x00000000a5700000|  0%| F|  |TAMS 0x00000000a5600000, 0x00000000a5600000| Untracked 
|  63|0x00000000a5700000, 0x00000000a5700000, 0x00000000a5800000|  0%| F|  |TAMS 0x00000000a5700000, 0x00000000a5700000| Untracked 
|  64|0x00000000a5800000, 0x00000000a5800000, 0x00000000a5900000|  0%| F|  |TAMS 0x00000000a5800000, 0x00000000a5800000| Untracked 
|  65|0x00000000a5900000, 0x00000000a5900000, 0x00000000a5a00000|  0%| F|  |TAMS 0x00000000a5900000, 0x00000000a5900000| Untracked 
|  66|0x00000000a5a00000, 0x00000000a5a00000, 0x00000000a5b00000|  0%| F|  |TAMS 0x00000000a5a00000, 0x00000000a5a00000| Untracked 
|  67|0x00000000a5b00000, 0x00000000a5b00000, 0x00000000a5c00000|  0%| F|  |TAMS 0x00000000a5b00000, 0x00000000a5b00000| Untracked 
|  68|0x00000000a5c00000, 0x00000000a5c00000, 0x00000000a5d00000|  0%| F|  |TAMS 0x00000000a5c00000, 0x00000000a5c00000| Untracked 
|  69|0x00000000a5d00000, 0x00000000a5d00000, 0x00000000a5e00000|  0%| F|  |TAMS 0x00000000a5d00000, 0x00000000a5d00000| Untracked 
|  70|0x00000000a5e00000, 0x00000000a5e00000, 0x00000000a5f00000|  0%| F|  |TAMS 0x00000000a5e00000, 0x00000000a5e00000| Untracked 
|  71|0x00000000a5f00000, 0x00000000a5f00000, 0x00000000a6000000|  0%| F|  |TAMS 0x00000000a5f00000, 0x00000000a5f00000| Untracked 
|  72|0x00000000a6000000, 0x00000000a6000000, 0x00000000a6100000|  0%| F|  |TAMS 0x00000000a6000000, 0x00000000a6000000| Untracked 
|  73|0x00000000a6100000, 0x00000000a6100000, 0x00000000a6200000|  0%| F|  |TAMS 0x00000000a6100000, 0x00000000a6100000| Untracked 
|  74|0x00000000a6200000, 0x00000000a6200000, 0x00000000a6300000|  0%| F|  |TAMS 0x00000000a6200000, 0x00000000a6200000| Untracked 
|  75|0x00000000a6300000, 0x00000000a6300000, 0x00000000a6400000|  0%| F|  |TAMS 0x00000000a6300000, 0x00000000a6300000| Untracked 
|  76|0x00000000a6400000, 0x00000000a6400000, 0x00000000a6500000|  0%| F|  |TAMS 0x00000000a6400000, 0x00000000a6400000| Untracked 
|  77|0x00000000a6500000, 0x00000000a6500000, 0x00000000a6600000|  0%| F|  |TAMS 0x00000000a6500000, 0x00000000a6500000| Untracked 
|  78|0x00000000a6600000, 0x00000000a6600000, 0x00000000a6700000|  0%| F|  |TAMS 0x00000000a6600000, 0x00000000a6600000| Untracked 
|  79|0x00000000a6700000, 0x00000000a6700000, 0x00000000a6800000|  0%| F|  |TAMS 0x00000000a6700000, 0x00000000a6700000| Untracked 
|  80|0x00000000a6800000, 0x00000000a6800000, 0x00000000a6900000|  0%| F|  |TAMS 0x00000000a6800000, 0x00000000a6800000| Untracked 
|  81|0x00000000a6900000, 0x00000000a6900000, 0x00000000a6a00000|  0%| F|  |TAMS 0x00000000a6900000, 0x00000000a6900000| Untracked 
|  82|0x00000000a6a00000, 0x00000000a6a00000, 0x00000000a6b00000|  0%| F|  |TAMS 0x00000000a6a00000, 0x00000000a6a00000| Untracked 
|  83|0x00000000a6b00000, 0x00000000a6b00000, 0x00000000a6c00000|  0%| F|  |TAMS 0x00000000a6b00000, 0x00000000a6b00000| Untracked 
|  84|0x00000000a6c00000, 0x00000000a6c00000, 0x00000000a6d00000|  0%| F|  |TAMS 0x00000000a6c00000, 0x00000000a6c00000| Untracked 
|  85|0x00000000a6d00000, 0x00000000a6d00000, 0x00000000a6e00000|  0%| F|  |TAMS 0x00000000a6d00000, 0x00000000a6d00000| Untracked 
|  86|0x00000000a6e00000, 0x00000000a6e00000, 0x00000000a6f00000|  0%| F|  |TAMS 0x00000000a6e00000, 0x00000000a6e00000| Untracked 
|  87|0x00000000a6f00000, 0x00000000a6f00000, 0x00000000a7000000|  0%| F|  |TAMS 0x00000000a6f00000, 0x00000000a6f00000| Untracked 
|  88|0x00000000a7000000, 0x00000000a7000000, 0x00000000a7100000|  0%| F|  |TAMS 0x00000000a7000000, 0x00000000a7000000| Untracked 
|  89|0x00000000a7100000, 0x00000000a7100000, 0x00000000a7200000|  0%| F|  |TAMS 0x00000000a7100000, 0x00000000a7100000| Untracked 
|  90|0x00000000a7200000, 0x00000000a7200000, 0x00000000a7300000|  0%| F|  |TAMS 0x00000000a7200000, 0x00000000a7200000| Untracked 
|  91|0x00000000a7300000, 0x00000000a7300000, 0x00000000a7400000|  0%| F|  |TAMS 0x00000000a7300000, 0x00000000a7300000| Untracked 
|  92|0x00000000a7400000, 0x00000000a74c9d10, 0x00000000a7500000| 78%| E|  |TAMS 0x00000000a7400000, 0x00000000a7400000| Complete 
|  93|0x00000000a7500000, 0x00000000a7600000, 0x00000000a7600000|100%| E|CS|TAMS 0x00000000a7500000, 0x00000000a7500000| Complete 
|  94|0x00000000a7600000, 0x00000000a7700000, 0x00000000a7700000|100%| E|CS|TAMS 0x00000000a7600000, 0x00000000a7600000| Complete 
|  95|0x00000000a7700000, 0x00000000a7800000, 0x00000000a7800000|100%| E|CS|TAMS 0x00000000a7700000, 0x00000000a7700000| Complete 

Card table byte_map: [0x0000016c7d5f0000,0x0000016c7d8f0000] _byte_map_base: 0x0000016c7d0e4000

Marking Bits (Prev, Next): (CMBitMap*) 0x0000016c7b4428f8, (CMBitMap*) 0x0000016c7b442938
 Prev Bits: [0x0000016c7dbf0000, 0x0000016c7f390000)
 Next Bits: [0x0000016c176d0000, 0x0000016c18e70000)

Polling page: 0x0000016c7b4f0000

Metaspace:

Usage:
  Non-class:      1.85 MB capacity,     1.75 MB ( 95%) used,    89.88 KB (  5%) free+waste,     6.00 KB ( <1%) overhead. 
      Class:    503.00 KB capacity,   155.49 KB ( 31%) used,   344.38 KB ( 68%) free+waste,     3.13 KB ( <1%) overhead. 
       Both:      2.34 MB capacity,     1.90 MB ( 81%) used,   434.26 KB ( 18%) free+waste,     9.13 KB ( <1%) overhead. 

Virtual space:
  Non-class space:       12.00 MB reserved,       2.00 MB ( 17%) committed 
      Class space:        1.00 GB reserved,     512.00 KB ( <1%) committed 
             Both:        1.01 GB reserved,       2.50 MB ( <1%) committed 

Chunk freelists:
   Non-Class:  30.00 KB
       Class:  9.00 KB
        Both:  39.00 KB

MaxMetaspaceSize: 17179869184.00 GB
CompressedClassSpaceSize: 1.00 GB

CodeHeap 'non-profiled nmethods': size=120000Kb used=100Kb max_used=100Kb free=119899Kb
 bounds [0x0000016c101a0000, 0x0000016c10410000, 0x0000016c176d0000]
CodeHeap 'profiled nmethods': size=120000Kb used=482Kb max_used=482Kb free=119517Kb
 bounds [0x0000016c08c70000, 0x0000016c08ee0000, 0x0000016c101a0000]
CodeHeap 'non-nmethods': size=5760Kb used=1146Kb max_used=1161Kb free=4613Kb
 bounds [0x0000016c086d0000, 0x0000016c08940000, 0x0000016c08c70000]
 total_blobs=741 nmethods=346 adapters=308
 compilation: enabled
              stopped_count=0, restarted_count=0
 full_count=0

Compilation events (20 events):
Event: 0.306 Thread 0x0000016c7f99e000  338       3       jdk.internal.jimage.ImageStringsReader::charsFromByteBufferLength (47 bytes)
Event: 0.306 Thread 0x0000016c7f99e000 nmethod 338 0x0000016c08ce1310 code [0x0000016c08ce14e0, 0x0000016c08ce1978]
Event: 0.308 Thread 0x0000016c7f99e000  339       3       sun.nio.fs.WindowsPathParser::isInvalidPathChar (22 bytes)
Event: 0.309 Thread 0x0000016c7f99e000 nmethod 339 0x0000016c08ce1b10 code [0x0000016c08ce1ce0, 0x0000016c08ce2008]
Event: 0.312 Thread 0x0000016c7f99e000  340       3       java.util.Properties::loadConvert (544 bytes)
Event: 0.313 Thread 0x0000016c7f9a9000  341       4       java.lang.StringLatin1::canEncode (13 bytes)
Event: 0.313 Thread 0x0000016c7f9a9000 nmethod 341 0x0000016c101b8090 code [0x0000016c101b8220, 0x0000016c101b8298]
Event: 0.313 Thread 0x0000016c7f9a9000  342       4       java.lang.StringUTF16::compress (50 bytes)
Event: 0.314 Thread 0x0000016c7f99e000 nmethod 340 0x0000016c08ce2110 code [0x0000016c08ce2440, 0x0000016c08ce3be8]
Event: 0.315 Thread 0x0000016c7f99e000  343       3       java.util.Properties$LineReader::readLine (584 bytes)
Event: 0.318 Thread 0x0000016c7f99e000 nmethod 343 0x0000016c08ce4390 code [0x0000016c08ce4760, 0x0000016c08ce7438]
Event: 0.318 Thread 0x0000016c7f99e000  345  s    3       java.util.Properties::put (10 bytes)
Event: 0.319 Thread 0x0000016c7f99e000 nmethod 345 0x0000016c08ce8190 code [0x0000016c08ce8340, 0x0000016c08ce86a8]
Event: 0.319 Thread 0x0000016c7f99e000  344       3       java.util.concurrent.ConcurrentHashMap::put (8 bytes)
Event: 0.319 Thread 0x0000016c7f99e000 nmethod 344 0x0000016c08ce8790 code [0x0000016c08ce8940, 0x0000016c08ce8a88]
Event: 0.320 Thread 0x0000016c7f9a9000 nmethod 342 0x0000016c101b8390 code [0x0000016c101b8540, 0x0000016c101b8878]
Event: 0.320 Thread 0x0000016c7f9a9000  346       4       java.lang.AbstractStringBuilder::ensureCapacityInternal (39 bytes)
Event: 0.326 Thread 0x0000016c7f9a9000 nmethod 346 0x0000016c101b8990 code [0x0000016c101b8b40, 0x0000016c101b8f48]
Event: 0.326 Thread 0x0000016c7f9a9000  348       4       java.util.Properties::loadConvert (544 bytes)
Event: 0.328 Thread 0x0000016c7f99e000  349 %     3       sun.nio.cs.UTF_8$Decoder::decodeArrayLoop @ 73 (691 bytes)

GC Heap History (0 events):
No events

Deoptimization events (4 events):
Event: 0.107 Thread 0x0000016c7b407000 Uncommon trap: trap_request=0xffffff45 fr.pc=0x0000016c101a409c relative=0x00000000000001bc
Event: 0.107 Thread 0x0000016c7b407000 Uncommon trap: reason=unstable_if action=reinterpret pc=0x0000016c101a409c method=java.lang.String.hashCode()I @ 42 c2
Event: 0.107 Thread 0x0000016c7b407000 DEOPT PACKING pc=0x0000016c101a409c sp=0x0000006381dfdfd0
Event: 0.107 Thread 0x0000016c7b407000 DEOPT UNPACKING pc=0x0000016c0871912f sp=0x0000006381dfdf68 mode 2

Classes unloaded (0 events):
No events

Classes redefined (0 events):
No events

Internal exceptions (1 events):
Event: 0.141 Thread 0x0000016c7b407000 Exception <a 'java/lang/NoSuchMethodError'{0x00000000a7605f88}: 'int java.lang.invoke.DirectMethodHandle$Holder.invokeSpecialIFC(java.lang.Object, java.lang.Object, int)'> (0x00000000a7605f88) 
thrown [./open/src/hotspot/share/interpreter/linkResolver.cpp, line 766]

Events (20 events):
Event: 0.289 loading class java/util/MissingResourceException
Event: 0.289 loading class java/util/MissingResourceException done
Event: 0.289 loading class java/util/ResourceBundle$ResourceBundleControlProviderHolder
Event: 0.289 loading class java/util/ResourceBundle$ResourceBundleControlProviderHolder done
Event: 0.290 loading class java/util/spi/ResourceBundleControlProvider
Event: 0.290 loading class java/util/spi/ResourceBundleControlProvider done
Event: 0.290 loading class java/util/ServiceLoader$ProviderSpliterator
Event: 0.290 loading class java/util/ServiceLoader$ProviderSpliterator done
Event: 0.290 loading class java/lang/invoke/DirectMethodHandle$Interface
Event: 0.290 loading class java/lang/invoke/DirectMethodHandle$Interface done
Event: 0.300 loading class java/util/zip/ZipFile$ZipEntryIterator
Event: 0.300 loading class java/util/zip/ZipFile$ZipEntryIterator done
Event: 0.300 loading class java/util/ResourceBundle$Control$2
Event: 0.300 loading class java/util/ResourceBundle$Control$2 done
Event: 0.310 loading class java/util/PropertyResourceBundle
Event: 0.310 loading class java/util/PropertyResourceBundle done
Event: 0.310 loading class sun/util/PropertyResourceBundleCharset
Event: 0.310 loading class sun/util/PropertyResourceBundleCharset done
Event: 0.310 loading class sun/util/PropertyResourceBundleCharset$PropertiesFileDecoder
Event: 0.310 loading class sun/util/PropertyResourceBundleCharset$PropertiesFileDecoder done


Dynamic libraries:
0x00007ff6b1380000 - 0x00007ff6b138f000 	C:\Program Files\Java\jdk-14.0.2\bin\javaw.exe
0x00007ffddd550000 - 0x00007ffddd746000 	C:\Windows\SYSTEM32\ntdll.dll
0x00007ffddd320000 - 0x00007ffddd3dd000 	C:\Windows\System32\KERNEL32.DLL
0x00007ffddace0000 - 0x00007ffddafa8000 	C:\Windows\System32\KERNELBASE.dll
0x00007ffddb4b0000 - 0x00007ffddb5b0000 	C:\Windows\System32\ucrtbase.dll
0x00007ffdd8f30000 - 0x00007ffdd8f45000 	C:\Program Files\Java\jdk-14.0.2\bin\VCRUNTIME140.dll
0x00007ffdd90a0000 - 0x00007ffdd90b8000 	C:\Program Files\Java\jdk-14.0.2\bin\jli.dll
0x00007ffddb930000 - 0x00007ffddb9dc000 	C:\Windows\System32\ADVAPI32.dll
0x00007ffddcfb0000 - 0x00007ffddd04e000 	C:\Windows\System32\msvcrt.dll
0x00007ffddc2d0000 - 0x00007ffddc36b000 	C:\Windows\System32\sechost.dll
0x00007ffddd3e0000 - 0x00007ffddd504000 	C:\Windows\System32\RPCRT4.dll
0x00007ffddb790000 - 0x00007ffddb930000 	C:\Windows\System32\USER32.dll
0x00007ffddb0c0000 - 0x00007ffddb0e2000 	C:\Windows\System32\win32u.dll
0x00007ffddc2a0000 - 0x00007ffddc2ca000 	C:\Windows\System32\GDI32.dll
0x00007ffdda050000 - 0x00007ffdda2eb000 	C:\Windows\WinSxS\amd64_microsoft.windows.common-controls_6595b64144ccf1df_6.0.19041.488_none_ca04af081b815d21\COMCTL32.dll
0x00007ffddb3a0000 - 0x00007ffddb4a9000 	C:\Windows\System32\gdi32full.dll
0x00007ffddb300000 - 0x00007ffddb39d000 	C:\Windows\System32\msvcp_win.dll
0x00007ffdcb7f0000 - 0x00007ffdcb7fa000 	C:\Windows\SYSTEM32\VERSION.dll
0x00007ffddd200000 - 0x00007ffddd230000 	C:\Windows\System32\IMM32.DLL
0x00007ffdcef20000 - 0x00007ffdcefbb000 	C:\Program Files\Java\jdk-14.0.2\bin\msvcp140.dll
0x00007ffd859e0000 - 0x00007ffd864fe000 	C:\Program Files\Java\jdk-14.0.2\bin\server\jvm.dll
0x00007ffddd230000 - 0x00007ffddd238000 	C:\Windows\System32\PSAPI.DLL
0x00007ffdccd60000 - 0x00007ffdccd69000 	C:\Windows\SYSTEM32\WSOCK32.dll
0x00007ffdc9d40000 - 0x00007ffdc9d67000 	C:\Windows\SYSTEM32\WINMM.dll
0x00007ffddcd00000 - 0x00007ffddcd6b000 	C:\Windows\System32\WS2_32.dll
0x00007ffdd7fb0000 - 0x00007ffdd7fc2000 	C:\Windows\SYSTEM32\kernel.appcore.dll
0x00007ffdccce0000 - 0x00007ffdcccea000 	C:\Program Files\Java\jdk-14.0.2\bin\jimage.dll
0x00007ffdda5c0000 - 0x00007ffdda7a4000 	C:\Windows\SYSTEM32\DBGHELP.DLL
0x00007ffdda590000 - 0x00007ffdda5bc000 	C:\Windows\SYSTEM32\dbgcore.DLL
0x00007ffddb0f0000 - 0x00007ffddb16f000 	C:\Windows\System32\bcryptPrimitives.dll
0x00007ffdbffc0000 - 0x00007ffdbffe5000 	C:\Program Files\Java\jdk-14.0.2\bin\java.dll
0x00007ffdbffa0000 - 0x00007ffdbffb6000 	C:\Program Files\Java\jdk-14.0.2\bin\zip.dll
0x00007ffddc5b0000 - 0x00007ffddccf1000 	C:\Windows\System32\SHELL32.dll
0x00007ffdd7fd0000 - 0x00007ffdd8765000 	C:\Windows\SYSTEM32\windows.storage.dll
0x00007ffddbf40000 - 0x00007ffddc295000 	C:\Windows\System32\combase.dll
0x00007ffdd9ee0000 - 0x00007ffdd9f0c000 	C:\Windows\SYSTEM32\Wldp.dll
0x00007ffddc4f0000 - 0x00007ffddc59e000 	C:\Windows\System32\SHCORE.dll
0x00007ffddbee0000 - 0x00007ffddbf35000 	C:\Windows\System32\shlwapi.dll
0x00007ffddabc0000 - 0x00007ffddabe6000 	C:\Windows\SYSTEM32\profapi.dll
0x00007ffdbff80000 - 0x00007ffdbff99000 	C:\Program Files\Java\jdk-14.0.2\bin\net.dll
0x00007ffdd7d20000 - 0x00007ffdd7e20000 	C:\Windows\SYSTEM32\WINHTTP.dll
0x00007ffdd9cd0000 - 0x00007ffdd9d3a000 	C:\Windows\system32\mswsock.dll
0x00007ffdbff60000 - 0x00007ffdbff72000 	C:\Program Files\Java\jdk-14.0.2\bin\nio.dll
0x00007ffdc8480000 - 0x00007ffdc8490000 	C:\Program Files\Java\jdk-14.0.2\bin\verify.dll

dbghelp: loaded successfully - version: 4.0.5 - missing functions: none
symbol engine: initialized successfully - sym options: 0x614 - pdb path: .;C:\Program Files\Java\jdk-14.0.2\bin;C:\Windows\SYSTEM32;C:\Windows\WinSxS\amd64_microsoft.windows.common-controls_6595b64144ccf1df_6.0.19041.488_none_ca04af081b815d21;C:\Program Files\Java\jdk-14.0.2\bin\server

VM Arguments:
jvm_args: -Dfile.encoding=Cp1252 -XX:+ShowCodeDetailsInExceptionMessages 
java_command: m06.uf2.MainConsulta
java_class_path (initial): C:\Users\DELL E6430\git\repository\ProjectosDAM2\VeureInfo\bin;C:\Users\DELL E6430\OneDrive\Desktop\mysql-connector-java-5.1.17-bin.jar
Launcher Type: SUN_STANDARD

[Global flags]
     intx CICompilerCount                          = 3                                         {product} {ergonomic}
     uint ConcGCThreads                            = 1                                         {product} {ergonomic}
     uint G1ConcRefinementThreads                  = 4                                         {product} {ergonomic}
   size_t G1HeapRegionSize                         = 1048576                                   {product} {ergonomic}
    uintx GCDrainStackTargetSize                   = 64                                        {product} {ergonomic}
   size_t InitialHeapSize                          = 100663296                                 {product} {ergonomic}
   size_t MarkStackSize                            = 4194304                                   {product} {ergonomic}
   size_t MaxHeapSize                              = 1585446912                                {product} {ergonomic}
   size_t MaxNewSize                               = 951058432                                 {product} {ergonomic}
   size_t MinHeapDeltaBytes                        = 1048576                                   {product} {ergonomic}
   size_t MinHeapSize                              = 8388608                                   {product} {ergonomic}
    uintx NonNMethodCodeHeapSize                   = 5832780                                {pd product} {ergonomic}
    uintx NonProfiledCodeHeapSize                  = 122912730                              {pd product} {ergonomic}
    uintx ProfiledCodeHeapSize                     = 122912730                              {pd product} {ergonomic}
    uintx ReservedCodeCacheSize                    = 251658240                              {pd product} {ergonomic}
     bool SegmentedCodeCache                       = true                                      {product} {ergonomic}
     bool ShowCodeDetailsInExceptionMessages       = true                                   {manageable} {command line}
   size_t SoftMaxHeapSize                          = 1585446912                             {manageable} {ergonomic}
     bool UseCompressedClassPointers               = true                                 {lp64_product} {ergonomic}
     bool UseCompressedOops                        = true                                 {lp64_product} {ergonomic}
     bool UseG1GC                                  = true                                      {product} {ergonomic}
     bool UseLargePagesIndividualAllocation        = false                                  {pd product} {ergonomic}

Logging:
Log output configuration:
 #0: stdout all=warning uptime,level,tags
 #1: stderr all=off uptime,level,tags

Environment Variables:
PATH=C:/Program Files/Java/jdk-14.0.2/bin/server;C:/Program Files/Java/jdk-14.0.2/bin;C:\Program Files (x86)\Common Files\Oracle\Java\javapath;C:\Program Files (x86)\Intel\iCLS Client\;C:\Program Files\Intel\iCLS Client\;C:\Windows\system32;C:\Windows;C:\Windows\System32\Wbem;C:\Windows\System32\WindowsPowerShell\v1.0\;C:\Windows\System32\OpenSSH\;C:\Program Files (x86)\Intel\Intel(R) Management Engine Components\DAL;C:\Program Files\Intel\Intel(R) Management Engine Components\DAL;C:\Program Files (x86)\Intel\Intel(R) Management Engine Components\IPT;C:\Program Files\Intel\Intel(R) Management Engine Components\IPT;C:\Users\DELL E6430\AppData\Local\Microsoft\WindowsApps;C:\Users\DELL E6430\AppData\Local\GitHubDesktop\bin;C:\Users\DELL E6430\OneDrive\Desktop;
USERNAME=DELL E6430
OS=Windows_NT
PROCESSOR_IDENTIFIER=Intel64 Family 6 Model 58 Stepping 9, GenuineIntel



---------------  S Y S T E M  ---------------

OS: Windows 10 , 64 bit Build 19041 (10.0.19041.546)
OS uptime: 6 days 8:02 hours
HyperV virtualization detected

CPU:total 4 (initial active 4) (2 cores per cpu, 2 threads per core) family 6 model 58 stepping 9, cmov, cx8, fxsr, mmx, sse, sse2, sse3, ssse3, sse4.1, sse4.2, popcnt, avx, aes, clmul, erms, ht, tsc, tscinvbit, tscinv

Memory: 4k page, system-wide physical 6046M (441M free)
TotalPageFile size 17216M (AvailPageFile size 0M)
current process WorkingSet (physical memory assigned to process): 41M, peak: 41M
current process commit charge ("private bytes"): 173M, peak: 173M

vm_info: Java HotSpot(TM) 64-Bit Server VM (14.0.2+12-46) for windows-amd64 JRE (14.0.2+12-46), built on Jul  9 2020 00:35:52 by "mach5one" with MS VC++ 15.9 (VS2017)

END.
