#
# There is insufficient memory for the Java Runtime Environment to continue.
# Native memory allocation (mmap) failed to map 100663296 bytes for Failed to commit area from 0x00000000a1800000 to 0x00000000a7800000 of length 100663296.
# Possible reasons:
#   The system is out of physical RAM or swap space
#   The process is running with CompressedOops enabled, and the Java Heap may be blocking the growth of the native heap
# Possible solutions:
#   Reduce memory load on the system
#   Increase physical memory or swap space
#   Check if swap backing store is full
#   Decrease Java heap size (-Xmx/-Xms)
#   Decrease number of Java threads
#   Decrease Java thread stack sizes (-Xss)
#   Set larger code cache with -XX:ReservedCodeCacheSize=
#   JVM is running with Unscaled Compressed Oops mode in which the Java heap is
#     placed in the first 4GB address space. The Java Heap base address is the
#     maximum limit for the native heap growth. Please use -XX:HeapBaseMinAddress
#     to set the Java Heap base and to place the Java Heap above 4GB virtual address.
# This output file may be truncated or incomplete.
#
#  Out of Memory Error (./open/src/hotspot/os/windows/os_windows.cpp:3315), pid=6624, tid=2064
#
# JRE version:  (14.0.2+12) (build )
# Java VM: Java HotSpot(TM) 64-Bit Server VM (14.0.2+12-46, mixed mode, sharing, tiered, compressed oops, g1 gc, windows-amd64)
# No core dump will be written. Minidumps are not enabled by default on client versions of Windows
#

---------------  S U M M A R Y ------------

Command Line: -Dfile.encoding=Cp1252 -XX:+ShowCodeDetailsInExceptionMessages m06.uf2.MainConsulta

Host: Intel(R) Core(TM) i5-3230M CPU @ 2.60GHz, 4 cores, 5G,  Windows 10 , 64 bit Build 19041 (10.0.19041.546)
Time: Mon Nov 30 19:28:35 2020 Mitteleuropäische Zeit elapsed time: 0 seconds (0d 0h 0m 0s)

---------------  T H R E A D  ---------------

Current thread (0x000001b36f8b8000):  JavaThread "Unknown thread" [_thread_in_vm, id=2064, stack(0x000000867cf00000,0x000000867d000000)]

Stack: [0x000000867cf00000,0x000000867d000000]
Native frames: (J=compiled Java code, j=interpreted, Vv=VM code, C=native code)
V  [jvm.dll+0x5f8a9a]
V  [jvm.dll+0x74247a]
V  [jvm.dll+0x743c2f]
V  [jvm.dll+0x744273]
V  [jvm.dll+0x20d288]
V  [jvm.dll+0x5f5dea]
V  [jvm.dll+0x5eac45]
V  [jvm.dll+0x2c7e9c]
V  [jvm.dll+0x2c7cd2]
V  [jvm.dll+0x2cdbbc]
V  [jvm.dll+0x313fe8]
V  [jvm.dll+0x313710]
V  [jvm.dll+0x2a092a]
V  [jvm.dll+0x2a1a79]
V  [jvm.dll+0x71fd48]
V  [jvm.dll+0x321c14]
V  [jvm.dll+0x70112c]
V  [jvm.dll+0x392def]
V  [jvm.dll+0x394e61]
C  [jli.dll+0x524b]
C  [ucrtbase.dll+0x214c2]
C  [KERNEL32.DLL+0x17034]
C  [ntdll.dll+0x4cec1]


---------------  P R O C E S S  ---------------

Threads class SMR info:
_java_thread_list=0x00007ffd86463038, length=0, elements={
}

Java Threads: ( => current thread )

Other Threads:
  0x000001b36f8f2000 GCTaskThread "GC Thread#0" [stack: 0x000000867d000000,0x000000867d100000] [id=13320]
  0x000001b36f900800 ConcurrentGCThread "G1 Main Marker" [stack: 0x000000867d100000,0x000000867d200000] [id=17992]
  0x000001b36f902000 ConcurrentGCThread "G1 Conc#0" [stack: 0x000000867d200000,0x000000867d300000] [id=17740]

[error occurred during error reporting (printing all threads), id 0xc0000005, EXCEPTION_ACCESS_VIOLATION (0xc0000005) at pc=0x00007ffd85c91257]

VM state:not at safepoint (not fully initialized)

VM Mutex/Monitor currently owned by a thread:  ([mutex/lock_event])
[0x000001b36f8b41a0] Heap_lock - owner thread: 0x000001b36f8b8000

Heap address: 0x00000000a1800000, size: 1512 MB, Compressed Oops mode: 32-bit
Narrow klass base: 0x0000000000000000, Narrow klass shift: 0

GC Heap History (0 events):
No events

Deoptimization events (0 events):
No events

Classes unloaded (0 events):
No events

Classes redefined (0 events):
No events

Internal exceptions (0 events):
No events

Events (2 events):
Event: 0.010 Loaded shared library C:\Program Files\Java\jdk-14.0.2\bin\java.dll
Event: 0.011 Loaded shared library C:\Program Files\Java\jdk-14.0.2\bin\zip.dll


Dynamic libraries:
0x00007ff6b1380000 - 0x00007ff6b138f000 	C:\Program Files\Java\jdk-14.0.2\bin\javaw.exe
0x00007ffddd550000 - 0x00007ffddd746000 	C:\Windows\SYSTEM32\ntdll.dll
0x00007ffddd320000 - 0x00007ffddd3dd000 	C:\Windows\System32\KERNEL32.DLL
0x00007ffddace0000 - 0x00007ffddafa8000 	C:\Windows\System32\KERNELBASE.dll
0x00007ffddb4b0000 - 0x00007ffddb5b0000 	C:\Windows\System32\ucrtbase.dll
0x00007ffdd8f30000 - 0x00007ffdd8f45000 	C:\Program Files\Java\jdk-14.0.2\bin\VCRUNTIME140.dll
0x00007ffdd90a0000 - 0x00007ffdd90b8000 	C:\Program Files\Java\jdk-14.0.2\bin\jli.dll
0x00007ffddb930000 - 0x00007ffddb9dc000 	C:\Windows\System32\ADVAPI32.dll
0x00007ffddcfb0000 - 0x00007ffddd04e000 	C:\Windows\System32\msvcrt.dll
0x00007ffddc2d0000 - 0x00007ffddc36b000 	C:\Windows\System32\sechost.dll
0x00007ffddd3e0000 - 0x00007ffddd504000 	C:\Windows\System32\RPCRT4.dll
0x00007ffddb790000 - 0x00007ffddb930000 	C:\Windows\System32\USER32.dll
0x00007ffddb0c0000 - 0x00007ffddb0e2000 	C:\Windows\System32\win32u.dll
0x00007ffddc2a0000 - 0x00007ffddc2ca000 	C:\Windows\System32\GDI32.dll
0x00007ffddb3a0000 - 0x00007ffddb4a9000 	C:\Windows\System32\gdi32full.dll
0x00007ffddb300000 - 0x00007ffddb39d000 	C:\Windows\System32\msvcp_win.dll
0x00007ffdda050000 - 0x00007ffdda2eb000 	C:\Windows\WinSxS\amd64_microsoft.windows.common-controls_6595b64144ccf1df_6.0.19041.488_none_ca04af081b815d21\COMCTL32.dll
0x00007ffdcb7f0000 - 0x00007ffdcb7fa000 	C:\Windows\SYSTEM32\VERSION.dll
0x00007ffddd200000 - 0x00007ffddd230000 	C:\Windows\System32\IMM32.DLL
0x00007ffdcef20000 - 0x00007ffdcefbb000 	C:\Program Files\Java\jdk-14.0.2\bin\msvcp140.dll
0x00007ffd859e0000 - 0x00007ffd864fe000 	C:\Program Files\Java\jdk-14.0.2\bin\server\jvm.dll
0x00007ffddd230000 - 0x00007ffddd238000 	C:\Windows\System32\PSAPI.DLL
0x00007ffdccd60000 - 0x00007ffdccd69000 	C:\Windows\SYSTEM32\WSOCK32.dll
0x00007ffddcd00000 - 0x00007ffddcd6b000 	C:\Windows\System32\WS2_32.dll
0x00007ffdc9d40000 - 0x00007ffdc9d67000 	C:\Windows\SYSTEM32\WINMM.dll
0x00007ffdd7fb0000 - 0x00007ffdd7fc2000 	C:\Windows\SYSTEM32\kernel.appcore.dll
0x00007ffdccce0000 - 0x00007ffdcccea000 	C:\Program Files\Java\jdk-14.0.2\bin\jimage.dll
0x00007ffdda5c0000 - 0x00007ffdda7a4000 	C:\Windows\SYSTEM32\DBGHELP.DLL
0x00007ffdda590000 - 0x00007ffdda5bc000 	C:\Windows\SYSTEM32\dbgcore.DLL
0x00007ffddb0f0000 - 0x00007ffddb16f000 	C:\Windows\System32\bcryptPrimitives.dll
0x00007ffdbffc0000 - 0x00007ffdbffe5000 	C:\Program Files\Java\jdk-14.0.2\bin\java.dll
0x00007ffdbffa0000 - 0x00007ffdbffb6000 	C:\Program Files\Java\jdk-14.0.2\bin\zip.dll

dbghelp: loaded successfully - version: 4.0.5 - missing functions: none
symbol engine: initialized successfully - sym options: 0x614 - pdb path: .;C:\Program Files\Java\jdk-14.0.2\bin;C:\Windows\SYSTEM32;C:\Windows\WinSxS\amd64_microsoft.windows.common-controls_6595b64144ccf1df_6.0.19041.488_none_ca04af081b815d21;C:\Program Files\Java\jdk-14.0.2\bin\server

VM Arguments:
jvm_args: -Dfile.encoding=Cp1252 -XX:+ShowCodeDetailsInExceptionMessages 
java_command: m06.uf2.MainConsulta
java_class_path (initial): C:\Users\DELL E6430\git\repository\ProjectosDAM2\VeureInfo\bin;C:\Users\DELL E6430\OneDrive\Desktop\mysql-connector-java-5.1.17-bin.jar
Launcher Type: SUN_STANDARD

[Global flags]
     intx CICompilerCount                          = 3                                         {product} {ergonomic}
     uint ConcGCThreads                            = 1                                         {product} {ergonomic}
     uint G1ConcRefinementThreads                  = 4                                         {product} {ergonomic}
   size_t G1HeapRegionSize                         = 1048576                                   {product} {ergonomic}
    uintx GCDrainStackTargetSize                   = 64                                        {product} {ergonomic}
   size_t InitialHeapSize                          = 100663296                                 {product} {ergonomic}
   size_t MarkStackSize                            = 4194304                                   {product} {ergonomic}
   size_t MaxHeapSize                              = 1585446912                                {product} {ergonomic}
   size_t MinHeapDeltaBytes                        = 1048576                                   {product} {ergonomic}
   size_t MinHeapSize                              = 8388608                                   {product} {ergonomic}
    uintx NonNMethodCodeHeapSize                   = 5832780                                {pd product} {ergonomic}
    uintx NonProfiledCodeHeapSize                  = 122912730                              {pd product} {ergonomic}
    uintx ProfiledCodeHeapSize                     = 122912730                              {pd product} {ergonomic}
    uintx ReservedCodeCacheSize                    = 251658240                              {pd product} {ergonomic}
     bool SegmentedCodeCache                       = true                                      {product} {ergonomic}
     bool ShowCodeDetailsInExceptionMessages       = true                                   {manageable} {command line}
   size_t SoftMaxHeapSize                          = 1585446912                             {manageable} {ergonomic}
     bool UseCompressedClassPointers               = true                                 {lp64_product} {ergonomic}
     bool UseCompressedOops                        = true                                 {lp64_product} {ergonomic}
     bool UseG1GC                                  = true                                      {product} {ergonomic}
     bool UseLargePagesIndividualAllocation        = false                                  {pd product} {ergonomic}

Logging:
Log output configuration:
 #0: stdout all=warning uptime,level,tags
 #1: stderr all=off uptime,level,tags

Environment Variables:
PATH=C:/Program Files/Java/jdk-14.0.2/bin/server;C:/Program Files/Java/jdk-14.0.2/bin;C:\Program Files (x86)\Common Files\Oracle\Java\javapath;C:\Program Files (x86)\Intel\iCLS Client\;C:\Program Files\Intel\iCLS Client\;C:\Windows\system32;C:\Windows;C:\Windows\System32\Wbem;C:\Windows\System32\WindowsPowerShell\v1.0\;C:\Windows\System32\OpenSSH\;C:\Program Files (x86)\Intel\Intel(R) Management Engine Components\DAL;C:\Program Files\Intel\Intel(R) Management Engine Components\DAL;C:\Program Files (x86)\Intel\Intel(R) Management Engine Components\IPT;C:\Program Files\Intel\Intel(R) Management Engine Components\IPT;C:\Users\DELL E6430\AppData\Local\Microsoft\WindowsApps;C:\Users\DELL E6430\AppData\Local\GitHubDesktop\bin;C:\Users\DELL E6430\OneDrive\Desktop;
USERNAME=DELL E6430
OS=Windows_NT
PROCESSOR_IDENTIFIER=Intel64 Family 6 Model 58 Stepping 9, GenuineIntel



---------------  S Y S T E M  ---------------

OS: Windows 10 , 64 bit Build 19041 (10.0.19041.546)
OS uptime: 6 days 8:08 hours
HyperV virtualization detected

CPU:total 4 (initial active 4) (2 cores per cpu, 2 threads per core) family 6 model 58 stepping 9, cmov, cx8, fxsr, mmx, sse, sse2, sse3, ssse3, sse4.1, sse4.2, popcnt, avx, aes, clmul, erms, ht, tsc, tscinvbit, tscinv

Memory: 4k page, system-wide physical 6046M (630M free)
TotalPageFile size 17216M (AvailPageFile size 19M)
current process WorkingSet (physical memory assigned to process): 10M, peak: 10M
current process commit charge ("private bytes"): 51M, peak: 147M

vm_info: Java HotSpot(TM) 64-Bit Server VM (14.0.2+12-46) for windows-amd64 JRE (14.0.2+12-46), built on Jul  9 2020 00:35:52 by "mach5one" with MS VC++ 15.9 (VS2017)

END.
